2020-08-03 23:12:39 Jepsen starting redis-server --bind 0.0.0.0 --dbfilename redis.rdb --loadmodule /opt/redis/redisraft.so loglevel=debug raft-log-filename=raftlog.db raft-log-max-file-size=32000 raft-log-max-cache-size=1000000 
2003:C 03 Aug 2020 23:12:39.940 # oO0OoO0OoO0Oo Redis is starting oO0OoO0OoO0Oo
2003:C 03 Aug 2020 23:12:39.940 # Redis version=6.0.3, bits=64, commit=7803b114, modified=0, pid=2003, just started
2003:C 03 Aug 2020 23:12:39.940 # Configuration loaded
2003:M 03 Aug 2020 23:12:39.941 * Increased maximum number of open files to 10032 (it was originally set to 1024).
2003:M 03 Aug 2020 23:12:39.942 * Running mode=standalone, port=6379.
2003:M 03 Aug 2020 23:12:39.942 # WARNING: The TCP backlog setting of 511 cannot be enforced because /proc/sys/net/core/somaxconn is set to the lower value of 128.
2003:M 03 Aug 2020 23:12:39.942 # Server initialized
2003:M 03 Aug 2020 23:12:39.942 # WARNING you have Transparent Huge Pages (THP) support enabled in your kernel. This will create latency and memory usage issues with Redis. To fix this issue run the command 'echo never > /sys/kernel/mm/transparent_hugepage/enabled' as root, and add it to your /etc/rc.local in order to retain the setting after a reboot. Redis must be restarted after THP is disabled.
2003:M 03 Aug 2020 23:12:39.942 * <redisraft> RedisRaft starting, arguments: loglevel=debug raft-log-filename=raftlog.db raft-log-max-file-size=32000 raft-log-max-cache-size=1000000
2003:M 03 Aug 2020 23:12:39.943 * Module 'redisraft' loaded from /opt/redis/redisraft.so
2003:M 03 Aug 2020 23:12:39.944 * Ready to accept connections
2003:03 Aug 23:12:41.848 Joined Raft cluster, node id: 444492162, dbid: 0435731d27e53d24f22eeada3c178126
2003:03 Aug 23:12:42.082 State change: Node is now a follower, term 1
2003:03 Aug 23:12:42.082 Cluster Membership: term:1 index:0 nodes: id=444492162,voting=0,active=1,addr=-
2003:03 Aug 23:12:48.428 State change: Node is now a follower, term 2
2003:03 Aug 23:12:48.428 Cluster Membership: term:2 index:22 nodes: id=444492162,voting=1,active=1,addr=- id=754071250,voting=1,active=1,addr=172.19.0.3:6379 id=1814541373,voting=1,active=1,addr=172.19.0.4:6379 id=473527995,voting=1,active=1,addr=172.19.0.7:6379 id=1955424635,voting=1,active=1,addr=172.19.0.2:6379
2003:03 Aug 23:13:23.917 State change: Election starting, node is now a candidate, term 2
2003:03 Aug 23:13:23.917 Cluster Membership: term:2 index:199 nodes: id=444492162,voting=1,active=1,addr=- id=754071250,voting=1,active=1,addr=172.19.0.3:6379 id=1814541373,voting=1,active=1,addr=172.19.0.4:6379 id=473527995,voting=1,active=1,addr=172.19.0.7:6379 id=1955424635,voting=1,active=1,addr=172.19.0.2:6379
2003:03 Aug 23:13:24.033 State change: Node is now a leader, term 3
2003:03 Aug 23:13:24.033 Cluster Membership: term:3 index:199 nodes: id=444492162,voting=1,active=1,addr=- id=754071250,voting=1,active=1,addr=172.19.0.3:6379 id=1814541373,voting=1,active=1,addr=172.19.0.4:6379 id=473527995,voting=1,active=1,addr=172.19.0.7:6379 id=1955424635,voting=1,active=1,addr=172.19.0.2:6379
2003:03 Aug 23:13:25.067 {node:1814541373} RAFT.REQUESTVOTE failed: connection dropped.
2003:03 Aug 23:13:25.067 {node:754071250} RAFT.REQUESTVOTE failed: connection dropped.
2003:03 Aug 23:13:28.179 Raft log file size is 32112, initiating snapshot.
2003:03 Aug 23:13:28.179 Initiating snapshot.
2003:03 Aug 23:13:28.179 Snapshot scope: first_entry_idx=225, current_idx=226
2141:C 03 Aug 2020 23:13:28.239 * DB saved on disk
2141:C 03 Aug 2020 23:13:28.240 * Module fork: 0 MB of memory used by copy-on-write
2003:M 03 Aug 2020 23:13:28.260 * Module fork exited pid: 2141, retcode: 0, bysignal: 0
2003:03 Aug 23:13:28.279 Snapshot created successfuly.
2003:03 Aug 23:13:28.279 Snapshot operation completed successfuly.
2003:03 Aug 23:13:28.407 Log rewrite complete, 1 entries rewritten (from idx 225).
2003:03 Aug 23:13:28.407 {node:754071250} not sending snapshot, snapshot_in_progress
2003:03 Aug 23:13:28.407 {node:1814541373} not sending snapshot, snapshot_in_progress
2003:03 Aug 23:13:28.407 {node:754071250} raftSendSnapshot: snapshot_last_idx 225 term 3, node next_idx 200
2003:03 Aug 23:13:28.407 {node:754071250} not connected, state=2
2003:03 Aug 23:13:28.407 {node:1814541373} raftSendSnapshot: snapshot_last_idx 225 term 3, node next_idx 200
2003:03 Aug 23:13:28.407 {node:1814541373} not connected, state=2
2003:03 Aug 23:13:28.507 {node:754071250} raftSendSnapshot: snapshot_last_idx 225 term 3, node next_idx 200
2003:03 Aug 23:13:28.508 {node:754071250} not connected, state=2
2003:03 Aug 23:13:28.508 {node:1814541373} raftSendSnapshot: snapshot_last_idx 225 term 3, node next_idx 200
2003:03 Aug 23:13:28.508 {node:1814541373} not connected, state=2
2003:03 Aug 23:13:28.620 {node:754071250} raftSendSnapshot: snapshot_last_idx 225 term 3, node next_idx 200
2003:03 Aug 23:13:28.620 {node:754071250} not connected, state=2
2003:03 Aug 23:13:28.620 {node:1814541373} raftSendSnapshot: snapshot_last_idx 225 term 3, node next_idx 200
2003:03 Aug 23:13:28.620 {node:1814541373} not connected, state=2
2003:03 Aug 23:13:28.808 {node:754071250} raftSendSnapshot: snapshot_last_idx 225 term 3, node next_idx 200
2003:03 Aug 23:13:28.808 {node:754071250} not connected, state=2
2003:03 Aug 23:13:28.808 {node:1814541373} raftSendSnapshot: snapshot_last_idx 225 term 3, node next_idx 200
2003:03 Aug 23:13:28.808 {node:1814541373} not connected, state=2
2003:03 Aug 23:13:29.008 {node:754071250} raftSendSnapshot: snapshot_last_idx 225 term 3, node next_idx 200
2003:03 Aug 23:13:29.008 {node:754071250} not connected, state=2
2003:03 Aug 23:13:29.008 {node:1814541373} raftSendSnapshot: snapshot_last_idx 225 term 3, node next_idx 200
2003:03 Aug 23:13:29.008 {node:1814541373} not connected, state=2
2003:03 Aug 23:13:29.023 {node:754071250} raftSendSnapshot: snapshot_last_idx 225 term 3, node next_idx 200
2003:03 Aug 23:13:29.023 {node:754071250} not connected, state=2
2003:03 Aug 23:13:29.023 {node:1814541373} raftSendSnapshot: snapshot_last_idx 225 term 3, node next_idx 200
2003:03 Aug 23:13:29.023 {node:1814541373} not connected, state=2
2003:03 Aug 23:13:29.209 {node:754071250} raftSendSnapshot: snapshot_last_idx 225 term 3, node next_idx 200
2003:03 Aug 23:13:29.209 {node:754071250} not connected, state=2
2003:03 Aug 23:13:29.209 {node:1814541373} raftSendSnapshot: snapshot_last_idx 225 term 3, node next_idx 200
2003:03 Aug 23:13:29.209 {node:1814541373} not connected, state=2
2003:03 Aug 23:13:29.409 {node:754071250} raftSendSnapshot: snapshot_last_idx 225 term 3, node next_idx 200
2003:03 Aug 23:13:29.409 {node:754071250} not connected, state=2
2003:03 Aug 23:13:29.409 {node:1814541373} raftSendSnapshot: snapshot_last_idx 225 term 3, node next_idx 200
2003:03 Aug 23:13:29.409 {node:1814541373} not connected, state=2
2003:03 Aug 23:13:29.498 {node:754071250} raftSendSnapshot: snapshot_last_idx 225 term 3, node next_idx 200
2003:03 Aug 23:13:29.498 {node:754071250} not connected, state=2
2003:03 Aug 23:13:29.498 {node:1814541373} raftSendSnapshot: snapshot_last_idx 225 term 3, node next_idx 200
2003:03 Aug 23:13:29.498 {node:1814541373} not connected, state=2
2003:03 Aug 23:13:29.633 {node:754071250} raftSendSnapshot: snapshot_last_idx 225 term 3, node next_idx 200
2003:03 Aug 23:13:29.633 {node:754071250} not connected, state=2
2003:03 Aug 23:13:29.633 {node:1814541373} raftSendSnapshot: snapshot_last_idx 225 term 3, node next_idx 200
2003:03 Aug 23:13:29.633 {node:1814541373} not connected, state=2
2003:03 Aug 23:13:29.833 {node:754071250} raftSendSnapshot: snapshot_last_idx 225 term 3, node next_idx 200
2003:03 Aug 23:13:29.833 {node:754071250} not connected, state=2
2003:03 Aug 23:13:29.833 {node:1814541373} raftSendSnapshot: snapshot_last_idx 225 term 3, node next_idx 200
2003:03 Aug 23:13:29.833 {node:1814541373} not connected, state=2
2003:03 Aug 23:13:30.033 {node:754071250} raftSendSnapshot: snapshot_last_idx 225 term 3, node next_idx 200
2003:03 Aug 23:13:30.033 {node:754071250} not connected, state=2
2003:03 Aug 23:13:30.033 {node:1814541373} raftSendSnapshot: snapshot_last_idx 225 term 3, node next_idx 200
2003:03 Aug 23:13:30.033 {node:1814541373} not connected, state=2
2003:03 Aug 23:13:30.233 {node:754071250} raftSendSnapshot: snapshot_last_idx 225 term 3, node next_idx 200
2003:03 Aug 23:13:30.234 {node:754071250} not connected, state=2
2003:03 Aug 23:13:30.234 {node:1814541373} raftSendSnapshot: snapshot_last_idx 225 term 3, node next_idx 200
2003:03 Aug 23:13:30.234 {node:1814541373} not connected, state=2
2003:03 Aug 23:13:30.433 {node:754071250} raftSendSnapshot: snapshot_last_idx 225 term 3, node next_idx 200
2003:03 Aug 23:13:30.433 {node:754071250} not connected, state=2
2003:03 Aug 23:13:30.433 {node:1814541373} raftSendSnapshot: snapshot_last_idx 225 term 3, node next_idx 200
2003:03 Aug 23:13:30.433 {node:1814541373} not connected, state=2
2003:03 Aug 23:13:30.684 {node:754071250} raftSendSnapshot: snapshot_last_idx 225 term 3, node next_idx 200
2003:03 Aug 23:13:30.684 {node:754071250} not connected, state=2
2003:03 Aug 23:13:30.684 {node:1814541373} raftSendSnapshot: snapshot_last_idx 225 term 3, node next_idx 200
2003:03 Aug 23:13:30.684 {node:1814541373} not connected, state=2
2003:03 Aug 23:13:30.884 {node:754071250} raftSendSnapshot: snapshot_last_idx 225 term 3, node next_idx 200
2003:03 Aug 23:13:30.884 {node:754071250} not connected, state=2
2003:03 Aug 23:13:30.884 {node:1814541373} raftSendSnapshot: snapshot_last_idx 225 term 3, node next_idx 200
2003:03 Aug 23:13:30.884 {node:1814541373} not connected, state=2
2003:03 Aug 23:13:31.024 {node:754071250} raftSendSnapshot: snapshot_last_idx 225 term 3, node next_idx 200
2003:03 Aug 23:13:31.024 {node:754071250} not connected, state=2
2003:03 Aug 23:13:31.024 {node:1814541373} raftSendSnapshot: snapshot_last_idx 225 term 3, node next_idx 200
2003:03 Aug 23:13:31.024 {node:1814541373} not connected, state=2
2003:03 Aug 23:13:31.184 {node:754071250} raftSendSnapshot: snapshot_last_idx 225 term 3, node next_idx 200
2003:03 Aug 23:13:31.184 {node:754071250} not connected, state=2
2003:03 Aug 23:13:31.184 {node:1814541373} raftSendSnapshot: snapshot_last_idx 225 term 3, node next_idx 200
2003:03 Aug 23:13:31.184 {node:1814541373} not connected, state=2
2003:03 Aug 23:13:31.384 {node:754071250} raftSendSnapshot: snapshot_last_idx 225 term 3, node next_idx 200
2003:03 Aug 23:13:31.385 {node:754071250} not connected, state=2
2003:03 Aug 23:13:31.385 {node:1814541373} raftSendSnapshot: snapshot_last_idx 225 term 3, node next_idx 200
2003:03 Aug 23:13:31.385 {node:1814541373} not connected, state=2
2003:03 Aug 23:13:31.610 {node:754071250} raftSendSnapshot: snapshot_last_idx 225 term 3, node next_idx 200
2003:03 Aug 23:13:31.610 {node:754071250} not connected, state=2
2003:03 Aug 23:13:31.610 {node:1814541373} raftSendSnapshot: snapshot_last_idx 225 term 3, node next_idx 200
2003:03 Aug 23:13:31.610 {node:1814541373} not connected, state=2
2003:03 Aug 23:13:31.835 {node:754071250} raftSendSnapshot: snapshot_last_idx 225 term 3, node next_idx 200
2003:03 Aug 23:13:31.835 {node:754071250} not connected, state=2
2003:03 Aug 23:13:31.835 {node:1814541373} raftSendSnapshot: snapshot_last_idx 225 term 3, node next_idx 200
2003:03 Aug 23:13:31.835 {node:1814541373} not connected, state=2
2003:03 Aug 23:13:32.035 {node:754071250} raftSendSnapshot: snapshot_last_idx 225 term 3, node next_idx 200
2003:03 Aug 23:13:32.035 {node:754071250} not connected, state=2
2003:03 Aug 23:13:32.035 {node:1814541373} raftSendSnapshot: snapshot_last_idx 225 term 3, node next_idx 200
2003:03 Aug 23:13:32.035 {node:1814541373} not connected, state=2
2003:03 Aug 23:13:32.245 {node:754071250} raftSendSnapshot: snapshot_last_idx 225 term 3, node next_idx 200
2003:03 Aug 23:13:32.245 {node:754071250} not connected, state=2
2003:03 Aug 23:13:32.245 {node:1814541373} raftSendSnapshot: snapshot_last_idx 225 term 3, node next_idx 200
2003:03 Aug 23:13:32.245 {node:1814541373} not connected, state=2
2003:03 Aug 23:13:32.495 {node:754071250} raftSendSnapshot: snapshot_last_idx 225 term 3, node next_idx 200
2003:03 Aug 23:13:32.495 {node:754071250} not connected, state=2
2003:03 Aug 23:13:32.495 {node:1814541373} raftSendSnapshot: snapshot_last_idx 225 term 3, node next_idx 200
2003:03 Aug 23:13:32.495 {node:1814541373} not connected, state=2
2003:03 Aug 23:13:32.696 {node:754071250} raftSendSnapshot: snapshot_last_idx 225 term 3, node next_idx 200
2003:03 Aug 23:13:32.696 {node:754071250} not connected, state=2
2003:03 Aug 23:13:32.696 {node:1814541373} raftSendSnapshot: snapshot_last_idx 225 term 3, node next_idx 200
2003:03 Aug 23:13:32.696 {node:1814541373} not connected, state=2
2003:03 Aug 23:13:32.896 {node:754071250} raftSendSnapshot: snapshot_last_idx 225 term 3, node next_idx 200
2003:03 Aug 23:13:32.896 {node:754071250} not connected, state=2
2003:03 Aug 23:13:32.896 {node:1814541373} raftSendSnapshot: snapshot_last_idx 225 term 3, node next_idx 200
2003:03 Aug 23:13:32.896 {node:1814541373} not connected, state=2
2003:03 Aug 23:13:33.096 {node:754071250} raftSendSnapshot: snapshot_last_idx 225 term 3, node next_idx 200
2003:03 Aug 23:13:33.096 {node:754071250} not connected, state=2
2003:03 Aug 23:13:33.096 {node:1814541373} raftSendSnapshot: snapshot_last_idx 225 term 3, node next_idx 200
2003:03 Aug 23:13:33.096 {node:1814541373} not connected, state=2
2003:03 Aug 23:13:33.296 {node:754071250} raftSendSnapshot: snapshot_last_idx 225 term 3, node next_idx 200
2003:03 Aug 23:13:33.296 {node:754071250} not connected, state=2
2003:03 Aug 23:13:33.296 {node:1814541373} raftSendSnapshot: snapshot_last_idx 225 term 3, node next_idx 200
2003:03 Aug 23:13:33.296 {node:1814541373} not connected, state=2
2003:03 Aug 23:13:33.398 {node:754071250} raftSendSnapshot: snapshot_last_idx 225 term 3, node next_idx 200
2003:03 Aug 23:13:33.398 {node:754071250} not connected, state=2
2003:03 Aug 23:13:33.398 {node:1814541373} raftSendSnapshot: snapshot_last_idx 225 term 3, node next_idx 200
2003:03 Aug 23:13:33.398 {node:1814541373} not connected, state=2
2003:03 Aug 23:13:33.612 {node:754071250} raftSendSnapshot: snapshot_last_idx 225 term 3, node next_idx 200
2003:03 Aug 23:13:33.612 {node:754071250} not connected, state=2
2003:03 Aug 23:13:33.612 {node:1814541373} raftSendSnapshot: snapshot_last_idx 225 term 3, node next_idx 200
2003:03 Aug 23:13:33.612 {node:1814541373} not connected, state=2
2003:03 Aug 23:13:33.812 {node:754071250} raftSendSnapshot: snapshot_last_idx 225 term 3, node next_idx 200
2003:03 Aug 23:13:33.812 {node:754071250} not connected, state=2
2003:03 Aug 23:13:33.812 {node:1814541373} raftSendSnapshot: snapshot_last_idx 225 term 3, node next_idx 200
2003:03 Aug 23:13:33.812 {node:1814541373} not connected, state=2
2003:03 Aug 23:13:34.012 {node:754071250} raftSendSnapshot: snapshot_last_idx 225 term 3, node next_idx 200
2003:03 Aug 23:13:34.012 {node:754071250} not connected, state=2
2003:03 Aug 23:13:34.012 {node:1814541373} raftSendSnapshot: snapshot_last_idx 225 term 3, node next_idx 200
2003:03 Aug 23:13:34.012 {node:1814541373} not connected, state=2
2003:03 Aug 23:13:34.212 {node:754071250} raftSendSnapshot: snapshot_last_idx 225 term 3, node next_idx 200
2003:03 Aug 23:13:34.213 {node:754071250} not connected, state=2
2003:03 Aug 23:13:34.213 {node:1814541373} raftSendSnapshot: snapshot_last_idx 225 term 3, node next_idx 200
2003:03 Aug 23:13:34.213 {node:1814541373} not connected, state=2
2003:03 Aug 23:13:34.555 {node:754071250} raftSendSnapshot: snapshot_last_idx 225 term 3, node next_idx 200
2003:03 Aug 23:13:34.555 {node:754071250} not connected, state=2
2003:03 Aug 23:13:34.555 {node:1814541373} raftSendSnapshot: snapshot_last_idx 225 term 3, node next_idx 200
2003:03 Aug 23:13:34.555 {node:1814541373} not connected, state=2
2003:03 Aug 23:13:34.780 {node:754071250} raftSendSnapshot: snapshot_last_idx 225 term 3, node next_idx 200
2003:03 Aug 23:13:34.780 {node:754071250} not connected, state=2
2003:03 Aug 23:13:34.780 {node:1814541373} raftSendSnapshot: snapshot_last_idx 225 term 3, node next_idx 200
2003:03 Aug 23:13:34.780 {node:1814541373} not connected, state=2
2003:03 Aug 23:13:34.980 {node:754071250} raftSendSnapshot: snapshot_last_idx 225 term 3, node next_idx 200
2003:03 Aug 23:13:34.980 {node:754071250} not connected, state=2
2003:03 Aug 23:13:34.980 {node:1814541373} raftSendSnapshot: snapshot_last_idx 225 term 3, node next_idx 200
2003:03 Aug 23:13:34.980 {node:1814541373} not connected, state=2
2003:03 Aug 23:13:35.070 {node:754071250} raftSendSnapshot: snapshot_last_idx 225 term 3, node next_idx 200
2003:03 Aug 23:13:35.070 {node:754071250} not connected, state=2
2003:03 Aug 23:13:35.070 {node:1814541373} raftSendSnapshot: snapshot_last_idx 225 term 3, node next_idx 200
2003:03 Aug 23:13:35.070 {node:1814541373} not connected, state=2
2003:03 Aug 23:13:35.180 {node:754071250} raftSendSnapshot: snapshot_last_idx 225 term 3, node next_idx 200
2003:03 Aug 23:13:35.180 {node:754071250} not connected, state=2
2003:03 Aug 23:13:35.180 {node:1814541373} raftSendSnapshot: snapshot_last_idx 225 term 3, node next_idx 200
2003:03 Aug 23:13:35.180 {node:1814541373} not connected, state=2
2003:03 Aug 23:13:35.380 {node:754071250} raftSendSnapshot: snapshot_last_idx 225 term 3, node next_idx 200
2003:03 Aug 23:13:35.380 {node:754071250} not connected, state=2
2003:03 Aug 23:13:35.380 {node:1814541373} raftSendSnapshot: snapshot_last_idx 225 term 3, node next_idx 200
2003:03 Aug 23:13:35.380 {node:1814541373} not connected, state=2
2003:03 Aug 23:13:35.590 {node:754071250} raftSendSnapshot: snapshot_last_idx 225 term 3, node next_idx 200
2003:03 Aug 23:13:35.590 {node:754071250} not connected, state=2
2003:03 Aug 23:13:35.590 {node:1814541373} raftSendSnapshot: snapshot_last_idx 225 term 3, node next_idx 200
2003:03 Aug 23:13:35.590 {node:1814541373} not connected, state=2
2003:03 Aug 23:13:35.790 {node:754071250} raftSendSnapshot: snapshot_last_idx 225 term 3, node next_idx 200
2003:03 Aug 23:13:35.790 {node:754071250} not connected, state=2
2003:03 Aug 23:13:35.790 {node:1814541373} raftSendSnapshot: snapshot_last_idx 225 term 3, node next_idx 200
2003:03 Aug 23:13:35.790 {node:1814541373} not connected, state=2
2003:03 Aug 23:13:35.990 {node:754071250} raftSendSnapshot: snapshot_last_idx 225 term 3, node next_idx 200
2003:03 Aug 23:13:35.990 {node:754071250} not connected, state=2
2003:03 Aug 23:13:35.990 {node:1814541373} raftSendSnapshot: snapshot_last_idx 225 term 3, node next_idx 200
2003:03 Aug 23:13:35.990 {node:1814541373} not connected, state=2
2003:03 Aug 23:13:36.096 {node:754071250} raftSendSnapshot: snapshot_last_idx 225 term 3, node next_idx 200
2003:03 Aug 23:13:36.096 {node:754071250} not connected, state=2
2003:03 Aug 23:13:36.096 {node:1814541373} raftSendSnapshot: snapshot_last_idx 225 term 3, node next_idx 200
2003:03 Aug 23:13:36.096 {node:1814541373} not connected, state=2
2003:03 Aug 23:13:36.290 {node:754071250} raftSendSnapshot: snapshot_last_idx 225 term 3, node next_idx 200
2003:03 Aug 23:13:36.290 {node:754071250} not connected, state=2
2003:03 Aug 23:13:36.290 {node:1814541373} raftSendSnapshot: snapshot_last_idx 225 term 3, node next_idx 200
2003:03 Aug 23:13:36.290 {node:1814541373} not connected, state=2
2003:03 Aug 23:13:36.449 {node:754071250} raftSendSnapshot: snapshot_last_idx 225 term 3, node next_idx 200
2003:03 Aug 23:13:36.449 {node:754071250} not connected, state=2
2003:03 Aug 23:13:36.449 {node:1814541373} raftSendSnapshot: snapshot_last_idx 225 term 3, node next_idx 200
2003:03 Aug 23:13:36.449 {node:1814541373} not connected, state=2
2003:03 Aug 23:13:36.591 {node:754071250} raftSendSnapshot: snapshot_last_idx 225 term 3, node next_idx 200
2003:03 Aug 23:13:36.591 {node:754071250} not connected, state=2
2003:03 Aug 23:13:36.591 {node:1814541373} raftSendSnapshot: snapshot_last_idx 225 term 3, node next_idx 200
2003:03 Aug 23:13:36.591 {node:1814541373} not connected, state=2
2003:03 Aug 23:13:36.791 {node:754071250} raftSendSnapshot: snapshot_last_idx 225 term 3, node next_idx 200
2003:03 Aug 23:13:36.791 {node:754071250} not connected, state=2
2003:03 Aug 23:13:36.791 {node:1814541373} raftSendSnapshot: snapshot_last_idx 225 term 3, node next_idx 200
2003:03 Aug 23:13:36.791 {node:1814541373} not connected, state=2
2003:03 Aug 23:13:37.008 {node:754071250} raftSendSnapshot: snapshot_last_idx 225 term 3, node next_idx 200
2003:03 Aug 23:13:37.008 {node:754071250} not connected, state=2
2003:03 Aug 23:13:37.008 {node:1814541373} raftSendSnapshot: snapshot_last_idx 225 term 3, node next_idx 200
2003:03 Aug 23:13:37.008 {node:1814541373} not connected, state=2
2003:03 Aug 23:13:37.208 {node:754071250} raftSendSnapshot: snapshot_last_idx 225 term 3, node next_idx 200
2003:03 Aug 23:13:37.208 {node:754071250} not connected, state=2
2003:03 Aug 23:13:37.208 {node:1814541373} raftSendSnapshot: snapshot_last_idx 225 term 3, node next_idx 200
2003:03 Aug 23:13:37.208 {node:1814541373} not connected, state=2
2003:03 Aug 23:13:37.409 {node:754071250} raftSendSnapshot: snapshot_last_idx 225 term 3, node next_idx 200
2003:03 Aug 23:13:37.409 {node:754071250} not connected, state=2
2003:03 Aug 23:13:37.409 {node:1814541373} raftSendSnapshot: snapshot_last_idx 225 term 3, node next_idx 200
2003:03 Aug 23:13:37.409 {node:1814541373} not connected, state=2
2003:03 Aug 23:13:37.741 {node:754071250} raftSendSnapshot: snapshot_last_idx 225 term 3, node next_idx 200
2003:03 Aug 23:13:37.741 {node:754071250} not connected, state=2
2003:03 Aug 23:13:37.741 {node:1814541373} raftSendSnapshot: snapshot_last_idx 225 term 3, node next_idx 200
2003:03 Aug 23:13:37.741 {node:1814541373} not connected, state=2
2003:03 Aug 23:13:37.941 {node:754071250} raftSendSnapshot: snapshot_last_idx 225 term 3, node next_idx 200
2003:03 Aug 23:13:37.941 {node:754071250} not connected, state=2
2003:03 Aug 23:13:37.941 {node:1814541373} raftSendSnapshot: snapshot_last_idx 225 term 3, node next_idx 200
2003:03 Aug 23:13:37.942 {node:1814541373} not connected, state=2
2003:03 Aug 23:13:38.142 {node:754071250} raftSendSnapshot: snapshot_last_idx 225 term 3, node next_idx 200
2003:03 Aug 23:13:38.142 {node:754071250} not connected, state=2
2003:03 Aug 23:13:38.142 {node:1814541373} raftSendSnapshot: snapshot_last_idx 225 term 3, node next_idx 200
2003:03 Aug 23:13:38.142 {node:1814541373} not connected, state=2
2003:03 Aug 23:13:38.343 {node:754071250} raftSendSnapshot: snapshot_last_idx 225 term 3, node next_idx 200
2003:03 Aug 23:13:38.343 {node:754071250} not connected, state=2
2003:03 Aug 23:13:38.343 {node:1814541373} raftSendSnapshot: snapshot_last_idx 225 term 3, node next_idx 200
2003:03 Aug 23:13:38.343 {node:1814541373} not connected, state=2
2003:03 Aug 23:13:38.550 {node:754071250} raftSendSnapshot: snapshot_last_idx 225 term 3, node next_idx 200
2003:03 Aug 23:13:38.550 {node:754071250} not connected, state=2
2003:03 Aug 23:13:38.550 {node:1814541373} raftSendSnapshot: snapshot_last_idx 225 term 3, node next_idx 200
2003:03 Aug 23:13:38.550 {node:1814541373} not connected, state=2
2003:03 Aug 23:13:38.750 {node:754071250} raftSendSnapshot: snapshot_last_idx 225 term 3, node next_idx 200
2003:03 Aug 23:13:38.750 {node:754071250} not connected, state=2
2003:03 Aug 23:13:38.750 {node:1814541373} raftSendSnapshot: snapshot_last_idx 225 term 3, node next_idx 200
2003:03 Aug 23:13:38.750 {node:1814541373} not connected, state=2
2003:03 Aug 23:13:38.753 {node:754071250} raftSendSnapshot: snapshot_last_idx 225 term 3, node next_idx 200
2003:03 Aug 23:13:38.753 {node:754071250} not connected, state=2
2003:03 Aug 23:13:38.753 {node:1814541373} raftSendSnapshot: snapshot_last_idx 225 term 3, node next_idx 200
2003:03 Aug 23:13:38.753 {node:1814541373} not connected, state=2
2003:03 Aug 23:13:38.967 {node:754071250} raftSendSnapshot: snapshot_last_idx 225 term 3, node next_idx 200
2003:03 Aug 23:13:38.967 {node:754071250} not connected, state=2
2003:03 Aug 23:13:38.967 {node:1814541373} raftSendSnapshot: snapshot_last_idx 225 term 3, node next_idx 200
2003:03 Aug 23:13:38.967 {node:1814541373} not connected, state=2
2003:03 Aug 23:13:39.071 {node:754071250} raftSendSnapshot: snapshot_last_idx 225 term 3, node next_idx 200
2003:03 Aug 23:13:39.071 {node:754071250} not connected, state=2
2003:03 Aug 23:13:39.071 {node:1814541373} raftSendSnapshot: snapshot_last_idx 225 term 3, node next_idx 200
2003:03 Aug 23:13:39.071 {node:1814541373} not connected, state=2
2003:03 Aug 23:13:39.269 {node:754071250} raftSendSnapshot: snapshot_last_idx 225 term 3, node next_idx 200
2003:03 Aug 23:13:39.269 {node:754071250} not connected, state=2
2003:03 Aug 23:13:39.269 {node:1814541373} raftSendSnapshot: snapshot_last_idx 225 term 3, node next_idx 200
2003:03 Aug 23:13:39.269 {node:1814541373} not connected, state=2
2003:03 Aug 23:13:39.303 {node:754071250} raftSendSnapshot: snapshot_last_idx 225 term 3, node next_idx 200
2003:03 Aug 23:13:39.303 {node:754071250} not connected, state=2
2003:03 Aug 23:13:39.303 {node:1814541373} raftSendSnapshot: snapshot_last_idx 225 term 3, node next_idx 200
2003:03 Aug 23:13:39.303 {node:1814541373} not connected, state=2
2003:03 Aug 23:13:39.470 {node:754071250} raftSendSnapshot: snapshot_last_idx 225 term 3, node next_idx 200
2003:03 Aug 23:13:39.470 {node:754071250} not connected, state=2
2003:03 Aug 23:13:39.470 {node:1814541373} raftSendSnapshot: snapshot_last_idx 225 term 3, node next_idx 200
2003:03 Aug 23:13:39.470 {node:1814541373} not connected, state=2
2003:03 Aug 23:13:39.670 {node:754071250} raftSendSnapshot: snapshot_last_idx 225 term 3, node next_idx 200
2003:03 Aug 23:13:39.670 {node:754071250} not connected, state=2
2003:03 Aug 23:13:39.670 {node:1814541373} raftSendSnapshot: snapshot_last_idx 225 term 3, node next_idx 200
2003:03 Aug 23:13:39.670 {node:1814541373} not connected, state=2
2003:03 Aug 23:13:39.871 {node:754071250} raftSendSnapshot: snapshot_last_idx 225 term 3, node next_idx 200
2003:03 Aug 23:13:39.871 {node:754071250} not connected, state=2
2003:03 Aug 23:13:39.871 {node:1814541373} raftSendSnapshot: snapshot_last_idx 225 term 3, node next_idx 200
2003:03 Aug 23:13:39.871 {node:1814541373} not connected, state=2
2003:03 Aug 23:13:40.071 {node:754071250} raftSendSnapshot: snapshot_last_idx 225 term 3, node next_idx 200
2003:03 Aug 23:13:40.071 {node:754071250} not connected, state=2
2003:03 Aug 23:13:40.071 {node:1814541373} raftSendSnapshot: snapshot_last_idx 225 term 3, node next_idx 200
2003:03 Aug 23:13:40.071 {node:1814541373} not connected, state=2
2003:03 Aug 23:13:40.272 {node:754071250} raftSendSnapshot: snapshot_last_idx 225 term 3, node next_idx 200
2003:03 Aug 23:13:40.272 {node:754071250} not connected, state=2
2003:03 Aug 23:13:40.272 {node:1814541373} raftSendSnapshot: snapshot_last_idx 225 term 3, node next_idx 200
2003:03 Aug 23:13:40.272 {node:1814541373} not connected, state=2
2003:03 Aug 23:13:40.472 {node:754071250} raftSendSnapshot: snapshot_last_idx 225 term 3, node next_idx 200
2003:03 Aug 23:13:40.472 {node:754071250} not connected, state=2
2003:03 Aug 23:13:40.472 {node:1814541373} raftSendSnapshot: snapshot_last_idx 225 term 3, node next_idx 200
2003:03 Aug 23:13:40.472 {node:1814541373} not connected, state=2
2003:03 Aug 23:13:40.673 {node:754071250} raftSendSnapshot: snapshot_last_idx 225 term 3, node next_idx 200
2003:03 Aug 23:13:40.673 {node:754071250} not connected, state=2
2003:03 Aug 23:13:40.673 {node:1814541373} raftSendSnapshot: snapshot_last_idx 225 term 3, node next_idx 200
2003:03 Aug 23:13:40.673 {node:1814541373} not connected, state=2
2003:03 Aug 23:13:40.877 {node:754071250} raftSendSnapshot: snapshot_last_idx 225 term 3, node next_idx 200
2003:03 Aug 23:13:40.877 {node:754071250} not connected, state=2
2003:03 Aug 23:13:40.877 {node:1814541373} raftSendSnapshot: snapshot_last_idx 225 term 3, node next_idx 200
2003:03 Aug 23:13:40.877 {node:1814541373} not connected, state=2
2003:03 Aug 23:13:41.056 {node:754071250} raftSendSnapshot: snapshot_last_idx 225 term 3, node next_idx 200
2003:03 Aug 23:13:41.056 {node:754071250} not connected, state=2
2003:03 Aug 23:13:41.056 {node:1814541373} raftSendSnapshot: snapshot_last_idx 225 term 3, node next_idx 200
2003:03 Aug 23:13:41.056 {node:1814541373} not connected, state=2
2003:03 Aug 23:13:41.187 {node:754071250} raftSendSnapshot: snapshot_last_idx 225 term 3, node next_idx 200
2003:03 Aug 23:13:41.187 {node:754071250} not connected, state=2
2003:03 Aug 23:13:41.187 {node:1814541373} raftSendSnapshot: snapshot_last_idx 225 term 3, node next_idx 200
2003:03 Aug 23:13:41.187 {node:1814541373} not connected, state=2
2003:03 Aug 23:13:41.388 {node:754071250} raftSendSnapshot: snapshot_last_idx 225 term 3, node next_idx 200
2003:03 Aug 23:13:41.388 {node:754071250} not connected, state=2
2003:03 Aug 23:13:41.388 {node:1814541373} raftSendSnapshot: snapshot_last_idx 225 term 3, node next_idx 200
2003:03 Aug 23:13:41.388 {node:1814541373} not connected, state=2
2003:03 Aug 23:13:41.416 {node:754071250} raftSendSnapshot: snapshot_last_idx 225 term 3, node next_idx 200
2003:03 Aug 23:13:41.416 {node:754071250} not connected, state=2
2003:03 Aug 23:13:41.416 {node:1814541373} raftSendSnapshot: snapshot_last_idx 225 term 3, node next_idx 200
2003:03 Aug 23:13:41.416 {node:1814541373} not connected, state=2
2003:03 Aug 23:13:41.670 {node:754071250} raftSendSnapshot: snapshot_last_idx 225 term 3, node next_idx 200
2003:03 Aug 23:13:41.670 {node:754071250} not connected, state=2
2003:03 Aug 23:13:41.670 {node:1814541373} raftSendSnapshot: snapshot_last_idx 225 term 3, node next_idx 200
2003:03 Aug 23:13:41.670 {node:1814541373} not connected, state=2
2003:03 Aug 23:13:41.870 {node:754071250} raftSendSnapshot: snapshot_last_idx 225 term 3, node next_idx 200
2003:03 Aug 23:13:41.870 {node:754071250} not connected, state=2
2003:03 Aug 23:13:41.870 {node:1814541373} raftSendSnapshot: snapshot_last_idx 225 term 3, node next_idx 200
2003:03 Aug 23:13:41.870 {node:1814541373} not connected, state=2
2003:03 Aug 23:13:42.070 {node:754071250} raftSendSnapshot: snapshot_last_idx 225 term 3, node next_idx 200
2003:03 Aug 23:13:42.070 {node:754071250} not connected, state=2
2003:03 Aug 23:13:42.070 {node:1814541373} raftSendSnapshot: snapshot_last_idx 225 term 3, node next_idx 200
2003:03 Aug 23:13:42.070 {node:1814541373} not connected, state=2
2003:03 Aug 23:13:42.109 {node:754071250} raftSendSnapshot: snapshot_last_idx 225 term 3, node next_idx 200
2003:03 Aug 23:13:42.109 {node:754071250} not connected, state=2
2003:03 Aug 23:13:42.109 {node:1814541373} raftSendSnapshot: snapshot_last_idx 225 term 3, node next_idx 200
2003:03 Aug 23:13:42.109 {node:1814541373} not connected, state=2
2003:03 Aug 23:13:42.287 {node:754071250} raftSendSnapshot: snapshot_last_idx 225 term 3, node next_idx 200
2003:03 Aug 23:13:42.287 {node:754071250} not connected, state=2
2003:03 Aug 23:13:42.287 {node:1814541373} raftSendSnapshot: snapshot_last_idx 225 term 3, node next_idx 200
2003:03 Aug 23:13:42.287 {node:1814541373} not connected, state=2
2003:03 Aug 23:13:42.487 {node:754071250} raftSendSnapshot: snapshot_last_idx 225 term 3, node next_idx 200
2003:03 Aug 23:13:42.487 {node:754071250} not connected, state=2
2003:03 Aug 23:13:42.487 {node:1814541373} raftSendSnapshot: snapshot_last_idx 225 term 3, node next_idx 200
2003:03 Aug 23:13:42.487 {node:1814541373} not connected, state=2
2003:03 Aug 23:13:42.688 {node:754071250} raftSendSnapshot: snapshot_last_idx 225 term 3, node next_idx 200
2003:03 Aug 23:13:42.688 {node:754071250} not connected, state=2
2003:03 Aug 23:13:42.688 {node:1814541373} raftSendSnapshot: snapshot_last_idx 225 term 3, node next_idx 200
2003:03 Aug 23:13:42.688 {node:1814541373} not connected, state=2
2003:03 Aug 23:13:42.711 {node:754071250} raftSendSnapshot: snapshot_last_idx 225 term 3, node next_idx 200
2003:03 Aug 23:13:42.711 {node:754071250} not connected, state=2
2003:03 Aug 23:13:42.711 {node:1814541373} raftSendSnapshot: snapshot_last_idx 225 term 3, node next_idx 200
2003:03 Aug 23:13:42.711 {node:1814541373} not connected, state=2
2003:03 Aug 23:13:42.888 {node:754071250} raftSendSnapshot: snapshot_last_idx 225 term 3, node next_idx 200
2003:03 Aug 23:13:42.888 {node:754071250} not connected, state=2
2003:03 Aug 23:13:42.888 {node:1814541373} raftSendSnapshot: snapshot_last_idx 225 term 3, node next_idx 200
2003:03 Aug 23:13:42.888 {node:1814541373} not connected, state=2
2003:03 Aug 23:13:43.088 {node:754071250} raftSendSnapshot: snapshot_last_idx 225 term 3, node next_idx 200
2003:03 Aug 23:13:43.088 {node:754071250} not connected, state=2
2003:03 Aug 23:13:43.088 {node:1814541373} raftSendSnapshot: snapshot_last_idx 225 term 3, node next_idx 200
2003:03 Aug 23:13:43.088 {node:1814541373} not connected, state=2
2003:03 Aug 23:13:43.288 {node:754071250} raftSendSnapshot: snapshot_last_idx 225 term 3, node next_idx 200
2003:03 Aug 23:13:43.288 {node:754071250} not connected, state=2
2003:03 Aug 23:13:43.288 {node:1814541373} raftSendSnapshot: snapshot_last_idx 225 term 3, node next_idx 200
2003:03 Aug 23:13:43.288 {node:1814541373} not connected, state=2
2003:03 Aug 23:13:43.488 {node:754071250} raftSendSnapshot: snapshot_last_idx 225 term 3, node next_idx 200
2003:03 Aug 23:13:43.488 {node:754071250} not connected, state=2
2003:03 Aug 23:13:43.488 {node:1814541373} raftSendSnapshot: snapshot_last_idx 225 term 3, node next_idx 200
2003:03 Aug 23:13:43.488 {node:1814541373} not connected, state=2
2003:03 Aug 23:13:43.697 {node:754071250} raftSendSnapshot: snapshot_last_idx 225 term 3, node next_idx 200
2003:03 Aug 23:13:43.697 {node:754071250} not connected, state=2
2003:03 Aug 23:13:43.697 {node:1814541373} raftSendSnapshot: snapshot_last_idx 225 term 3, node next_idx 200
2003:03 Aug 23:13:43.697 {node:1814541373} not connected, state=2
2003:03 Aug 23:13:43.931 {node:754071250} raftSendSnapshot: snapshot_last_idx 225 term 3, node next_idx 200
2003:03 Aug 23:13:43.931 {node:754071250} not connected, state=2
2003:03 Aug 23:13:43.931 {node:1814541373} raftSendSnapshot: snapshot_last_idx 225 term 3, node next_idx 200
2003:03 Aug 23:13:43.931 {node:1814541373} not connected, state=2
2003:03 Aug 23:13:44.131 {node:754071250} raftSendSnapshot: snapshot_last_idx 225 term 3, node next_idx 200
2003:03 Aug 23:13:44.131 {node:754071250} not connected, state=2
2003:03 Aug 23:13:44.131 {node:1814541373} raftSendSnapshot: snapshot_last_idx 225 term 3, node next_idx 200
2003:03 Aug 23:13:44.131 {node:1814541373} not connected, state=2
2003:03 Aug 23:13:44.331 {node:754071250} raftSendSnapshot: snapshot_last_idx 225 term 3, node next_idx 200
2003:03 Aug 23:13:44.331 {node:754071250} not connected, state=2
2003:03 Aug 23:13:44.331 {node:1814541373} raftSendSnapshot: snapshot_last_idx 225 term 3, node next_idx 200
2003:03 Aug 23:13:44.331 {node:1814541373} not connected, state=2
2003:03 Aug 23:13:44.532 {node:754071250} raftSendSnapshot: snapshot_last_idx 225 term 3, node next_idx 200
2003:03 Aug 23:13:44.532 {node:754071250} not connected, state=2
2003:03 Aug 23:13:44.532 {node:1814541373} raftSendSnapshot: snapshot_last_idx 225 term 3, node next_idx 200
2003:03 Aug 23:13:44.532 {node:1814541373} not connected, state=2
2003:03 Aug 23:13:44.732 {node:754071250} raftSendSnapshot: snapshot_last_idx 225 term 3, node next_idx 200
2003:03 Aug 23:13:44.732 {node:754071250} not connected, state=2
2003:03 Aug 23:13:44.732 {node:1814541373} raftSendSnapshot: snapshot_last_idx 225 term 3, node next_idx 200
2003:03 Aug 23:13:44.732 {node:1814541373} not connected, state=2
2003:03 Aug 23:13:44.932 {node:754071250} raftSendSnapshot: snapshot_last_idx 225 term 3, node next_idx 200
2003:03 Aug 23:13:44.932 {node:754071250} not connected, state=2
2003:03 Aug 23:13:44.932 {node:1814541373} raftSendSnapshot: snapshot_last_idx 225 term 3, node next_idx 200
2003:03 Aug 23:13:44.932 {node:1814541373} not connected, state=2
2003:03 Aug 23:13:45.132 {node:754071250} raftSendSnapshot: snapshot_last_idx 225 term 3, node next_idx 200
2003:03 Aug 23:13:45.132 {node:754071250} not connected, state=2
2003:03 Aug 23:13:45.132 {node:1814541373} raftSendSnapshot: snapshot_last_idx 225 term 3, node next_idx 200
2003:03 Aug 23:13:45.132 {node:1814541373} not connected, state=2
2003:03 Aug 23:13:45.333 {node:754071250} raftSendSnapshot: snapshot_last_idx 225 term 3, node next_idx 200
2003:03 Aug 23:13:45.333 {node:754071250} not connected, state=2
2003:03 Aug 23:13:45.333 {node:1814541373} raftSendSnapshot: snapshot_last_idx 225 term 3, node next_idx 200
2003:03 Aug 23:13:45.333 {node:1814541373} not connected, state=2
2003:03 Aug 23:13:45.533 {node:754071250} raftSendSnapshot: snapshot_last_idx 225 term 3, node next_idx 200
2003:03 Aug 23:13:45.533 {node:754071250} not connected, state=2
2003:03 Aug 23:13:45.533 {node:1814541373} raftSendSnapshot: snapshot_last_idx 225 term 3, node next_idx 200
2003:03 Aug 23:13:45.533 {node:1814541373} not connected, state=2
2003:03 Aug 23:13:45.733 {node:754071250} raftSendSnapshot: snapshot_last_idx 225 term 3, node next_idx 200
2003:03 Aug 23:13:45.733 {node:754071250} not connected, state=2
2003:03 Aug 23:13:45.733 {node:1814541373} raftSendSnapshot: snapshot_last_idx 225 term 3, node next_idx 200
2003:03 Aug 23:13:45.733 {node:1814541373} not connected, state=2
2003:03 Aug 23:13:45.933 {node:754071250} raftSendSnapshot: snapshot_last_idx 225 term 3, node next_idx 200
2003:03 Aug 23:13:45.933 {node:754071250} not connected, state=2
2003:03 Aug 23:13:45.933 {node:1814541373} raftSendSnapshot: snapshot_last_idx 225 term 3, node next_idx 200
2003:03 Aug 23:13:45.933 {node:1814541373} not connected, state=2
2003:03 Aug 23:13:46.134 {node:754071250} raftSendSnapshot: snapshot_last_idx 225 term 3, node next_idx 200
2003:03 Aug 23:13:46.134 {node:754071250} not connected, state=2
2003:03 Aug 23:13:46.134 {node:1814541373} raftSendSnapshot: snapshot_last_idx 225 term 3, node next_idx 200
2003:03 Aug 23:13:46.134 {node:1814541373} not connected, state=2
2003:03 Aug 23:13:46.335 {node:754071250} raftSendSnapshot: snapshot_last_idx 225 term 3, node next_idx 200
2003:03 Aug 23:13:46.335 {node:754071250} not connected, state=2
2003:03 Aug 23:13:46.335 {node:1814541373} raftSendSnapshot: snapshot_last_idx 225 term 3, node next_idx 200
2003:03 Aug 23:13:46.335 {node:1814541373} not connected, state=2
2003:03 Aug 23:13:46.535 {node:754071250} raftSendSnapshot: snapshot_last_idx 225 term 3, node next_idx 200
2003:03 Aug 23:13:46.535 {node:754071250} not connected, state=2
2003:03 Aug 23:13:46.535 {node:1814541373} raftSendSnapshot: snapshot_last_idx 225 term 3, node next_idx 200
2003:03 Aug 23:13:46.535 {node:1814541373} not connected, state=2
2003:03 Aug 23:13:46.735 {node:754071250} raftSendSnapshot: snapshot_last_idx 225 term 3, node next_idx 200
2003:03 Aug 23:13:46.735 {node:754071250} not connected, state=2
2003:03 Aug 23:13:46.735 {node:1814541373} raftSendSnapshot: snapshot_last_idx 225 term 3, node next_idx 200
2003:03 Aug 23:13:46.735 {node:1814541373} not connected, state=2
2003:03 Aug 23:13:46.936 {node:754071250} raftSendSnapshot: snapshot_last_idx 225 term 3, node next_idx 200
2003:03 Aug 23:13:46.936 {node:754071250} not connected, state=2
2003:03 Aug 23:13:46.936 {node:1814541373} raftSendSnapshot: snapshot_last_idx 225 term 3, node next_idx 200
2003:03 Aug 23:13:46.936 {node:1814541373} not connected, state=2
2003:03 Aug 23:13:47.137 {node:754071250} raftSendSnapshot: snapshot_last_idx 225 term 3, node next_idx 200
2003:03 Aug 23:13:47.137 {node:754071250} not connected, state=2
2003:03 Aug 23:13:47.137 {node:1814541373} raftSendSnapshot: snapshot_last_idx 225 term 3, node next_idx 200
2003:03 Aug 23:13:47.137 {node:1814541373} not connected, state=2
2003:03 Aug 23:13:47.337 {node:754071250} raftSendSnapshot: snapshot_last_idx 225 term 3, node next_idx 200
2003:03 Aug 23:13:47.337 {node:754071250} not connected, state=2
2003:03 Aug 23:13:47.337 {node:1814541373} raftSendSnapshot: snapshot_last_idx 225 term 3, node next_idx 200
2003:03 Aug 23:13:47.337 {node:1814541373} not connected, state=2
2003:03 Aug 23:13:47.537 {node:754071250} raftSendSnapshot: snapshot_last_idx 225 term 3, node next_idx 200
2003:03 Aug 23:13:47.537 {node:754071250} not connected, state=2
2003:03 Aug 23:13:47.537 {node:1814541373} raftSendSnapshot: snapshot_last_idx 225 term 3, node next_idx 200
2003:03 Aug 23:13:47.537 {node:1814541373} not connected, state=2
2003:03 Aug 23:13:47.737 {node:754071250} raftSendSnapshot: snapshot_last_idx 225 term 3, node next_idx 200
2003:03 Aug 23:13:47.737 {node:754071250} not connected, state=2
2003:03 Aug 23:13:47.737 {node:1814541373} raftSendSnapshot: snapshot_last_idx 225 term 3, node next_idx 200
2003:03 Aug 23:13:47.737 {node:1814541373} not connected, state=2
2003:03 Aug 23:13:47.938 {node:754071250} raftSendSnapshot: snapshot_last_idx 225 term 3, node next_idx 200
2003:03 Aug 23:13:47.938 {node:754071250} not connected, state=2
2003:03 Aug 23:13:47.938 {node:1814541373} raftSendSnapshot: snapshot_last_idx 225 term 3, node next_idx 200
2003:03 Aug 23:13:47.938 {node:1814541373} not connected, state=2
2003:03 Aug 23:13:48.138 {node:754071250} raftSendSnapshot: snapshot_last_idx 225 term 3, node next_idx 200
2003:03 Aug 23:13:48.138 {node:754071250} not connected, state=2
2003:03 Aug 23:13:48.138 {node:1814541373} raftSendSnapshot: snapshot_last_idx 225 term 3, node next_idx 200
2003:03 Aug 23:13:48.138 {node:1814541373} not connected, state=2
2003:03 Aug 23:13:48.338 {node:754071250} raftSendSnapshot: snapshot_last_idx 225 term 3, node next_idx 200
2003:03 Aug 23:13:48.338 {node:754071250} not connected, state=2
2003:03 Aug 23:13:48.338 {node:1814541373} raftSendSnapshot: snapshot_last_idx 225 term 3, node next_idx 200
2003:03 Aug 23:13:48.338 {node:1814541373} not connected, state=2
2003:03 Aug 23:13:48.538 {node:754071250} raftSendSnapshot: snapshot_last_idx 225 term 3, node next_idx 200
2003:03 Aug 23:13:48.538 {node:754071250} not connected, state=2
2003:03 Aug 23:13:48.538 {node:1814541373} raftSendSnapshot: snapshot_last_idx 225 term 3, node next_idx 200
2003:03 Aug 23:13:48.538 {node:1814541373} not connected, state=2
2003:03 Aug 23:13:48.739 {node:754071250} raftSendSnapshot: snapshot_last_idx 225 term 3, node next_idx 200
2003:03 Aug 23:13:48.739 {node:754071250} not connected, state=2
2003:03 Aug 23:13:48.739 {node:1814541373} raftSendSnapshot: snapshot_last_idx 225 term 3, node next_idx 200
2003:03 Aug 23:13:48.739 {node:1814541373} not connected, state=2
2003:03 Aug 23:13:48.939 {node:754071250} raftSendSnapshot: snapshot_last_idx 225 term 3, node next_idx 200
2003:03 Aug 23:13:48.939 {node:754071250} not connected, state=2
2003:03 Aug 23:13:48.939 {node:1814541373} raftSendSnapshot: snapshot_last_idx 225 term 3, node next_idx 200
2003:03 Aug 23:13:48.939 {node:1814541373} not connected, state=2
2003:03 Aug 23:13:49.139 {node:754071250} raftSendSnapshot: snapshot_last_idx 225 term 3, node next_idx 200
2003:03 Aug 23:13:49.139 {node:754071250} not connected, state=2
2003:03 Aug 23:13:49.139 {node:1814541373} raftSendSnapshot: snapshot_last_idx 225 term 3, node next_idx 200
2003:03 Aug 23:13:49.139 {node:1814541373} not connected, state=2
2003:03 Aug 23:13:49.339 {node:754071250} raftSendSnapshot: snapshot_last_idx 225 term 3, node next_idx 200
2003:03 Aug 23:13:49.339 {node:754071250} not connected, state=2
2003:03 Aug 23:13:49.339 {node:1814541373} raftSendSnapshot: snapshot_last_idx 225 term 3, node next_idx 200
2003:03 Aug 23:13:49.339 {node:1814541373} not connected, state=2
2003:03 Aug 23:13:49.540 {node:754071250} raftSendSnapshot: snapshot_last_idx 225 term 3, node next_idx 200
2003:03 Aug 23:13:49.540 {node:754071250} not connected, state=2
2003:03 Aug 23:13:49.540 {node:1814541373} raftSendSnapshot: snapshot_last_idx 225 term 3, node next_idx 200
2003:03 Aug 23:13:49.540 {node:1814541373} not connected, state=2
2003:03 Aug 23:13:49.740 {node:754071250} raftSendSnapshot: snapshot_last_idx 225 term 3, node next_idx 200
2003:03 Aug 23:13:49.741 {node:754071250} not connected, state=2
2003:03 Aug 23:13:49.741 {node:1814541373} raftSendSnapshot: snapshot_last_idx 225 term 3, node next_idx 200
2003:03 Aug 23:13:49.741 {node:1814541373} not connected, state=2
2003:03 Aug 23:13:49.940 {node:754071250} raftSendSnapshot: snapshot_last_idx 225 term 3, node next_idx 200
2003:03 Aug 23:13:49.940 {node:754071250} not connected, state=2
2003:03 Aug 23:13:49.940 {node:1814541373} raftSendSnapshot: snapshot_last_idx 225 term 3, node next_idx 200
2003:03 Aug 23:13:49.940 {node:1814541373} not connected, state=2
2003:03 Aug 23:13:50.140 {node:754071250} raftSendSnapshot: snapshot_last_idx 225 term 3, node next_idx 200
2003:03 Aug 23:13:50.140 {node:754071250} not connected, state=2
2003:03 Aug 23:13:50.140 {node:1814541373} raftSendSnapshot: snapshot_last_idx 225 term 3, node next_idx 200
2003:03 Aug 23:13:50.140 {node:1814541373} not connected, state=2
2003:03 Aug 23:13:50.341 {node:754071250} raftSendSnapshot: snapshot_last_idx 225 term 3, node next_idx 200
2003:03 Aug 23:13:50.341 {node:754071250} not connected, state=2
2003:03 Aug 23:13:50.341 {node:1814541373} raftSendSnapshot: snapshot_last_idx 225 term 3, node next_idx 200
2003:03 Aug 23:13:50.341 {node:1814541373} not connected, state=2
2003:03 Aug 23:13:50.542 {node:754071250} raftSendSnapshot: snapshot_last_idx 225 term 3, node next_idx 200
2003:03 Aug 23:13:50.542 {node:754071250} not connected, state=2
2003:03 Aug 23:13:50.542 {node:1814541373} raftSendSnapshot: snapshot_last_idx 225 term 3, node next_idx 200
2003:03 Aug 23:13:50.542 {node:1814541373} not connected, state=2
2003:03 Aug 23:13:50.742 {node:754071250} raftSendSnapshot: snapshot_last_idx 225 term 3, node next_idx 200
2003:03 Aug 23:13:50.742 {node:754071250} not connected, state=2
2003:03 Aug 23:13:50.742 {node:1814541373} raftSendSnapshot: snapshot_last_idx 225 term 3, node next_idx 200
2003:03 Aug 23:13:50.742 {node:1814541373} not connected, state=2
2003:03 Aug 23:13:50.942 {node:754071250} raftSendSnapshot: snapshot_last_idx 225 term 3, node next_idx 200
2003:03 Aug 23:13:50.942 {node:754071250} not connected, state=2
2003:03 Aug 23:13:50.942 {node:1814541373} raftSendSnapshot: snapshot_last_idx 225 term 3, node next_idx 200
2003:03 Aug 23:13:50.942 {node:1814541373} not connected, state=2
2003:03 Aug 23:13:51.143 {node:754071250} raftSendSnapshot: snapshot_last_idx 225 term 3, node next_idx 200
2003:03 Aug 23:13:51.143 {node:754071250} not connected, state=2
2003:03 Aug 23:13:51.143 {node:1814541373} raftSendSnapshot: snapshot_last_idx 225 term 3, node next_idx 200
2003:03 Aug 23:13:51.143 {node:1814541373} not connected, state=2
2003:03 Aug 23:13:51.344 {node:754071250} raftSendSnapshot: snapshot_last_idx 225 term 3, node next_idx 200
2003:03 Aug 23:13:51.344 {node:754071250} not connected, state=2
2003:03 Aug 23:13:51.344 {node:1814541373} raftSendSnapshot: snapshot_last_idx 225 term 3, node next_idx 200
2003:03 Aug 23:13:51.344 {node:1814541373} not connected, state=2
2003:03 Aug 23:13:51.544 {node:754071250} raftSendSnapshot: snapshot_last_idx 225 term 3, node next_idx 200
2003:03 Aug 23:13:51.544 {node:754071250} not connected, state=2
2003:03 Aug 23:13:51.544 {node:1814541373} raftSendSnapshot: snapshot_last_idx 225 term 3, node next_idx 200
2003:03 Aug 23:13:51.544 {node:1814541373} not connected, state=2
2003:03 Aug 23:13:51.744 {node:754071250} raftSendSnapshot: snapshot_last_idx 225 term 3, node next_idx 200
2003:03 Aug 23:13:51.744 {node:754071250} not connected, state=2
2003:03 Aug 23:13:51.744 {node:1814541373} raftSendSnapshot: snapshot_last_idx 225 term 3, node next_idx 200
2003:03 Aug 23:13:51.744 {node:1814541373} not connected, state=2
2003:03 Aug 23:13:51.944 {node:754071250} raftSendSnapshot: snapshot_last_idx 225 term 3, node next_idx 200
2003:03 Aug 23:13:51.944 {node:754071250} not connected, state=2
2003:03 Aug 23:13:51.944 {node:1814541373} raftSendSnapshot: snapshot_last_idx 225 term 3, node next_idx 200
2003:03 Aug 23:13:51.944 {node:1814541373} not connected, state=2
2003:03 Aug 23:13:52.145 {node:754071250} raftSendSnapshot: snapshot_last_idx 225 term 3, node next_idx 200
2003:03 Aug 23:13:52.145 {node:754071250} not connected, state=2
2003:03 Aug 23:13:52.145 {node:1814541373} raftSendSnapshot: snapshot_last_idx 225 term 3, node next_idx 200
2003:03 Aug 23:13:52.145 {node:1814541373} not connected, state=2
2003:03 Aug 23:13:52.345 {node:754071250} raftSendSnapshot: snapshot_last_idx 225 term 3, node next_idx 200
2003:03 Aug 23:13:52.345 {node:754071250} not connected, state=2
2003:03 Aug 23:13:52.345 {node:1814541373} raftSendSnapshot: snapshot_last_idx 225 term 3, node next_idx 200
2003:03 Aug 23:13:52.345 {node:1814541373} not connected, state=2
2003:03 Aug 23:13:52.545 {node:754071250} raftSendSnapshot: snapshot_last_idx 225 term 3, node next_idx 200
2003:03 Aug 23:13:52.545 {node:754071250} not connected, state=2
2003:03 Aug 23:13:52.545 {node:1814541373} raftSendSnapshot: snapshot_last_idx 225 term 3, node next_idx 200
2003:03 Aug 23:13:52.545 {node:1814541373} not connected, state=2
2003:03 Aug 23:13:52.745 {node:754071250} raftSendSnapshot: snapshot_last_idx 225 term 3, node next_idx 200
2003:03 Aug 23:13:52.745 {node:754071250} not connected, state=2
2003:03 Aug 23:13:52.745 {node:1814541373} raftSendSnapshot: snapshot_last_idx 225 term 3, node next_idx 200
2003:03 Aug 23:13:52.745 {node:1814541373} not connected, state=2
2003:03 Aug 23:13:52.946 {node:754071250} raftSendSnapshot: snapshot_last_idx 225 term 3, node next_idx 200
2003:03 Aug 23:13:52.946 {node:754071250} not connected, state=2
2003:03 Aug 23:13:52.946 {node:1814541373} raftSendSnapshot: snapshot_last_idx 225 term 3, node next_idx 200
2003:03 Aug 23:13:52.946 {node:1814541373} not connected, state=2
2003:03 Aug 23:13:53.146 {node:754071250} raftSendSnapshot: snapshot_last_idx 225 term 3, node next_idx 200
2003:03 Aug 23:13:53.146 {node:754071250} not connected, state=2
2003:03 Aug 23:13:53.146 {node:1814541373} raftSendSnapshot: snapshot_last_idx 225 term 3, node next_idx 200
2003:03 Aug 23:13:53.146 {node:1814541373} not connected, state=2
2003:03 Aug 23:13:53.346 {node:754071250} raftSendSnapshot: snapshot_last_idx 225 term 3, node next_idx 200
2003:03 Aug 23:13:53.346 {node:754071250} not connected, state=2
2003:03 Aug 23:13:53.346 {node:1814541373} raftSendSnapshot: snapshot_last_idx 225 term 3, node next_idx 200
2003:03 Aug 23:13:53.346 {node:1814541373} not connected, state=2
2003:03 Aug 23:13:53.546 {node:754071250} raftSendSnapshot: snapshot_last_idx 225 term 3, node next_idx 200
2003:03 Aug 23:13:53.546 {node:754071250} not connected, state=2
2003:03 Aug 23:13:53.546 {node:1814541373} raftSendSnapshot: snapshot_last_idx 225 term 3, node next_idx 200
2003:03 Aug 23:13:53.546 {node:1814541373} not connected, state=2
2003:03 Aug 23:13:53.747 {node:754071250} raftSendSnapshot: snapshot_last_idx 225 term 3, node next_idx 200
2003:03 Aug 23:13:53.747 {node:754071250} not connected, state=2
2003:03 Aug 23:13:53.747 {node:1814541373} raftSendSnapshot: snapshot_last_idx 225 term 3, node next_idx 200
2003:03 Aug 23:13:53.747 {node:1814541373} not connected, state=2
2003:03 Aug 23:13:53.948 {node:754071250} raftSendSnapshot: snapshot_last_idx 225 term 3, node next_idx 200
2003:03 Aug 23:13:53.948 {node:754071250} not connected, state=2
2003:03 Aug 23:13:53.948 {node:1814541373} raftSendSnapshot: snapshot_last_idx 225 term 3, node next_idx 200
2003:03 Aug 23:13:53.948 {node:1814541373} not connected, state=2
2003:03 Aug 23:13:54.148 {node:754071250} raftSendSnapshot: snapshot_last_idx 225 term 3, node next_idx 200
2003:03 Aug 23:13:54.148 {node:754071250} not connected, state=2
2003:03 Aug 23:13:54.148 {node:1814541373} raftSendSnapshot: snapshot_last_idx 225 term 3, node next_idx 200
2003:03 Aug 23:13:54.148 {node:1814541373} not connected, state=2
2003:03 Aug 23:13:54.348 {node:754071250} raftSendSnapshot: snapshot_last_idx 225 term 3, node next_idx 200
2003:03 Aug 23:13:54.348 {node:754071250} not connected, state=2
2003:03 Aug 23:13:54.348 {node:1814541373} raftSendSnapshot: snapshot_last_idx 225 term 3, node next_idx 200
2003:03 Aug 23:13:54.348 {node:1814541373} not connected, state=2
2003:03 Aug 23:13:54.548 {node:754071250} raftSendSnapshot: snapshot_last_idx 225 term 3, node next_idx 200
2003:03 Aug 23:13:54.548 {node:754071250} not connected, state=2
2003:03 Aug 23:13:54.548 {node:1814541373} raftSendSnapshot: snapshot_last_idx 225 term 3, node next_idx 200
2003:03 Aug 23:13:54.548 {node:1814541373} not connected, state=2
2003:03 Aug 23:13:54.749 {node:754071250} raftSendSnapshot: snapshot_last_idx 225 term 3, node next_idx 200
2003:03 Aug 23:13:54.749 {node:754071250} not connected, state=2
2003:03 Aug 23:13:54.749 {node:1814541373} raftSendSnapshot: snapshot_last_idx 225 term 3, node next_idx 200
2003:03 Aug 23:13:54.749 {node:1814541373} not connected, state=2
2003:03 Aug 23:13:54.949 {node:754071250} raftSendSnapshot: snapshot_last_idx 225 term 3, node next_idx 200
2003:03 Aug 23:13:54.949 {node:754071250} not connected, state=2
2003:03 Aug 23:13:54.949 {node:1814541373} raftSendSnapshot: snapshot_last_idx 225 term 3, node next_idx 200
2003:03 Aug 23:13:54.949 {node:1814541373} not connected, state=2
2003:03 Aug 23:13:55.149 {node:754071250} raftSendSnapshot: snapshot_last_idx 225 term 3, node next_idx 200
2003:03 Aug 23:13:55.149 {node:754071250} not connected, state=2
2003:03 Aug 23:13:55.149 {node:1814541373} raftSendSnapshot: snapshot_last_idx 225 term 3, node next_idx 200
2003:03 Aug 23:13:55.149 {node:1814541373} not connected, state=2
2003:03 Aug 23:13:55.349 {node:754071250} raftSendSnapshot: snapshot_last_idx 225 term 3, node next_idx 200
2003:03 Aug 23:13:55.349 {node:754071250} not connected, state=2
2003:03 Aug 23:13:55.349 {node:1814541373} raftSendSnapshot: snapshot_last_idx 225 term 3, node next_idx 200
2003:03 Aug 23:13:55.349 {node:1814541373} not connected, state=2
2003:03 Aug 23:13:55.550 {node:754071250} raftSendSnapshot: snapshot_last_idx 225 term 3, node next_idx 200
2003:03 Aug 23:13:55.550 {node:754071250} not connected, state=2
2003:03 Aug 23:13:55.550 {node:1814541373} raftSendSnapshot: snapshot_last_idx 225 term 3, node next_idx 200
2003:03 Aug 23:13:55.550 {node:1814541373} not connected, state=2
2003:03 Aug 23:13:55.750 {node:754071250} raftSendSnapshot: snapshot_last_idx 225 term 3, node next_idx 200
2003:03 Aug 23:13:55.750 {node:754071250} not connected, state=2
2003:03 Aug 23:13:55.750 {node:1814541373} raftSendSnapshot: snapshot_last_idx 225 term 3, node next_idx 200
2003:03 Aug 23:13:55.750 {node:1814541373} not connected, state=2
2003:03 Aug 23:13:55.950 {node:754071250} raftSendSnapshot: snapshot_last_idx 225 term 3, node next_idx 200
2003:03 Aug 23:13:55.950 {node:754071250} not connected, state=2
2003:03 Aug 23:13:55.950 {node:1814541373} raftSendSnapshot: snapshot_last_idx 225 term 3, node next_idx 200
2003:03 Aug 23:13:55.950 {node:1814541373} not connected, state=2
2003:03 Aug 23:13:56.150 {node:754071250} raftSendSnapshot: snapshot_last_idx 225 term 3, node next_idx 200
2003:03 Aug 23:13:56.150 {node:754071250} not connected, state=2
2003:03 Aug 23:13:56.150 {node:1814541373} raftSendSnapshot: snapshot_last_idx 225 term 3, node next_idx 200
2003:03 Aug 23:13:56.150 {node:1814541373} not connected, state=2
2003:03 Aug 23:13:56.351 {node:754071250} raftSendSnapshot: snapshot_last_idx 225 term 3, node next_idx 200
2003:03 Aug 23:13:56.351 {node:754071250} not connected, state=2
2003:03 Aug 23:13:56.351 {node:1814541373} raftSendSnapshot: snapshot_last_idx 225 term 3, node next_idx 200
2003:03 Aug 23:13:56.351 {node:1814541373} not connected, state=2
2003:03 Aug 23:13:56.552 {node:754071250} raftSendSnapshot: snapshot_last_idx 225 term 3, node next_idx 200
2003:03 Aug 23:13:56.552 {node:754071250} not connected, state=2
2003:03 Aug 23:13:56.552 {node:1814541373} raftSendSnapshot: snapshot_last_idx 225 term 3, node next_idx 200
2003:03 Aug 23:13:56.552 {node:1814541373} not connected, state=2
2003:03 Aug 23:13:56.752 {node:754071250} raftSendSnapshot: snapshot_last_idx 225 term 3, node next_idx 200
2003:03 Aug 23:13:56.752 {node:754071250} not connected, state=2
2003:03 Aug 23:13:56.752 {node:1814541373} raftSendSnapshot: snapshot_last_idx 225 term 3, node next_idx 200
2003:03 Aug 23:13:56.752 {node:1814541373} not connected, state=2
2003:03 Aug 23:13:56.952 {node:754071250} raftSendSnapshot: snapshot_last_idx 225 term 3, node next_idx 200
2003:03 Aug 23:13:56.952 {node:754071250} not connected, state=2
2003:03 Aug 23:13:56.952 {node:1814541373} raftSendSnapshot: snapshot_last_idx 225 term 3, node next_idx 200
2003:03 Aug 23:13:56.952 {node:1814541373} not connected, state=2
2003:03 Aug 23:13:57.153 {node:754071250} raftSendSnapshot: snapshot_last_idx 225 term 3, node next_idx 200
2003:03 Aug 23:13:57.153 {node:754071250} not connected, state=2
2003:03 Aug 23:13:57.153 {node:1814541373} raftSendSnapshot: snapshot_last_idx 225 term 3, node next_idx 200
2003:03 Aug 23:13:57.153 {node:1814541373} not connected, state=2
2003:03 Aug 23:13:57.354 {node:754071250} raftSendSnapshot: snapshot_last_idx 225 term 3, node next_idx 200
2003:03 Aug 23:13:57.354 {node:754071250} not connected, state=2
2003:03 Aug 23:13:57.354 {node:1814541373} raftSendSnapshot: snapshot_last_idx 225 term 3, node next_idx 200
2003:03 Aug 23:13:57.354 {node:1814541373} not connected, state=2
2003:03 Aug 23:13:57.554 {node:754071250} raftSendSnapshot: snapshot_last_idx 225 term 3, node next_idx 200
2003:03 Aug 23:13:57.554 {node:754071250} not connected, state=2
2003:03 Aug 23:13:57.554 {node:1814541373} raftSendSnapshot: snapshot_last_idx 225 term 3, node next_idx 200
2003:03 Aug 23:13:57.554 {node:1814541373} not connected, state=2
2003:03 Aug 23:13:57.754 {node:754071250} raftSendSnapshot: snapshot_last_idx 225 term 3, node next_idx 200
2003:03 Aug 23:13:57.754 {node:754071250} not connected, state=2
2003:03 Aug 23:13:57.754 {node:1814541373} raftSendSnapshot: snapshot_last_idx 225 term 3, node next_idx 200
2003:03 Aug 23:13:57.754 {node:1814541373} not connected, state=2
2003:03 Aug 23:13:57.955 {node:754071250} raftSendSnapshot: snapshot_last_idx 225 term 3, node next_idx 200
2003:03 Aug 23:13:57.955 {node:754071250} not connected, state=2
2003:03 Aug 23:13:57.955 {node:1814541373} raftSendSnapshot: snapshot_last_idx 225 term 3, node next_idx 200
2003:03 Aug 23:13:57.955 {node:1814541373} not connected, state=2
2003:03 Aug 23:13:58.156 {node:754071250} raftSendSnapshot: snapshot_last_idx 225 term 3, node next_idx 200
2003:03 Aug 23:13:58.156 {node:754071250} not connected, state=2
2003:03 Aug 23:13:58.156 {node:1814541373} raftSendSnapshot: snapshot_last_idx 225 term 3, node next_idx 200
2003:03 Aug 23:13:58.156 {node:1814541373} not connected, state=2
2003:03 Aug 23:13:58.356 {node:754071250} raftSendSnapshot: snapshot_last_idx 225 term 3, node next_idx 200
2003:03 Aug 23:13:58.356 {node:754071250} not connected, state=2
2003:03 Aug 23:13:58.356 {node:1814541373} raftSendSnapshot: snapshot_last_idx 225 term 3, node next_idx 200
2003:03 Aug 23:13:58.356 {node:1814541373} not connected, state=2
2003:03 Aug 23:13:58.556 {node:754071250} raftSendSnapshot: snapshot_last_idx 225 term 3, node next_idx 200
2003:03 Aug 23:13:58.556 {node:754071250} not connected, state=2
2003:03 Aug 23:13:58.556 {node:1814541373} raftSendSnapshot: snapshot_last_idx 225 term 3, node next_idx 200
2003:03 Aug 23:13:58.556 {node:1814541373} not connected, state=2
2003:03 Aug 23:13:58.757 {node:754071250} raftSendSnapshot: snapshot_last_idx 225 term 3, node next_idx 200
2003:03 Aug 23:13:58.757 {node:754071250} not connected, state=2
2003:03 Aug 23:13:58.757 {node:1814541373} raftSendSnapshot: snapshot_last_idx 225 term 3, node next_idx 200
2003:03 Aug 23:13:58.757 {node:1814541373} not connected, state=2
2003:03 Aug 23:13:58.958 {node:754071250} raftSendSnapshot: snapshot_last_idx 225 term 3, node next_idx 200
2003:03 Aug 23:13:58.958 {node:754071250} not connected, state=2
2003:03 Aug 23:13:58.958 {node:1814541373} raftSendSnapshot: snapshot_last_idx 225 term 3, node next_idx 200
2003:03 Aug 23:13:58.958 {node:1814541373} not connected, state=2
2003:03 Aug 23:13:59.158 {node:754071250} raftSendSnapshot: snapshot_last_idx 225 term 3, node next_idx 200
2003:03 Aug 23:13:59.158 {node:754071250} not connected, state=2
2003:03 Aug 23:13:59.158 {node:1814541373} raftSendSnapshot: snapshot_last_idx 225 term 3, node next_idx 200
2003:03 Aug 23:13:59.158 {node:1814541373} not connected, state=2
2003:03 Aug 23:13:59.358 {node:754071250} raftSendSnapshot: snapshot_last_idx 225 term 3, node next_idx 200
2003:03 Aug 23:13:59.358 {node:754071250} not connected, state=2
2003:03 Aug 23:13:59.358 {node:1814541373} raftSendSnapshot: snapshot_last_idx 225 term 3, node next_idx 200
2003:03 Aug 23:13:59.358 {node:1814541373} not connected, state=2
2003:03 Aug 23:13:59.559 {node:754071250} raftSendSnapshot: snapshot_last_idx 225 term 3, node next_idx 200
2003:03 Aug 23:13:59.559 {node:754071250} not connected, state=2
2003:03 Aug 23:13:59.559 {node:1814541373} raftSendSnapshot: snapshot_last_idx 225 term 3, node next_idx 200
2003:03 Aug 23:13:59.559 {node:1814541373} not connected, state=2
2003:03 Aug 23:13:59.760 {node:754071250} raftSendSnapshot: snapshot_last_idx 225 term 3, node next_idx 200
2003:03 Aug 23:13:59.760 {node:754071250} not connected, state=2
2003:03 Aug 23:13:59.760 {node:1814541373} raftSendSnapshot: snapshot_last_idx 225 term 3, node next_idx 200
2003:03 Aug 23:13:59.760 {node:1814541373} not connected, state=2
2003:03 Aug 23:13:59.960 {node:754071250} raftSendSnapshot: snapshot_last_idx 225 term 3, node next_idx 200
2003:03 Aug 23:13:59.960 {node:754071250} not connected, state=2
2003:03 Aug 23:13:59.960 {node:1814541373} raftSendSnapshot: snapshot_last_idx 225 term 3, node next_idx 200
2003:03 Aug 23:13:59.960 {node:1814541373} not connected, state=2
2003:03 Aug 23:14:00.160 {node:754071250} raftSendSnapshot: snapshot_last_idx 225 term 3, node next_idx 200
2003:03 Aug 23:14:00.160 {node:754071250} not connected, state=2
2003:03 Aug 23:14:00.160 {node:1814541373} raftSendSnapshot: snapshot_last_idx 225 term 3, node next_idx 200
2003:03 Aug 23:14:00.160 {node:1814541373} not connected, state=2
2003:03 Aug 23:14:00.360 {node:754071250} raftSendSnapshot: snapshot_last_idx 225 term 3, node next_idx 200
2003:03 Aug 23:14:00.360 {node:754071250} not connected, state=2
2003:03 Aug 23:14:00.360 {node:1814541373} raftSendSnapshot: snapshot_last_idx 225 term 3, node next_idx 200
2003:03 Aug 23:14:00.360 {node:1814541373} not connected, state=2
2003:03 Aug 23:14:00.561 {node:754071250} raftSendSnapshot: snapshot_last_idx 225 term 3, node next_idx 200
2003:03 Aug 23:14:00.561 {node:754071250} not connected, state=2
2003:03 Aug 23:14:00.561 {node:1814541373} raftSendSnapshot: snapshot_last_idx 225 term 3, node next_idx 200
2003:03 Aug 23:14:00.561 {node:1814541373} not connected, state=2
2003:03 Aug 23:14:00.761 {node:754071250} raftSendSnapshot: snapshot_last_idx 225 term 3, node next_idx 200
2003:03 Aug 23:14:00.761 {node:754071250} not connected, state=2
2003:03 Aug 23:14:00.761 {node:1814541373} raftSendSnapshot: snapshot_last_idx 225 term 3, node next_idx 200
2003:03 Aug 23:14:00.761 {node:1814541373} not connected, state=2
2003:03 Aug 23:14:00.961 {node:754071250} raftSendSnapshot: snapshot_last_idx 225 term 3, node next_idx 200
2003:03 Aug 23:14:00.961 {node:754071250} not connected, state=2
2003:03 Aug 23:14:00.961 {node:1814541373} raftSendSnapshot: snapshot_last_idx 225 term 3, node next_idx 200
2003:03 Aug 23:14:00.961 {node:1814541373} not connected, state=2
2003:03 Aug 23:14:01.161 {node:754071250} raftSendSnapshot: snapshot_last_idx 225 term 3, node next_idx 200
2003:03 Aug 23:14:01.161 {node:754071250} not connected, state=2
2003:03 Aug 23:14:01.161 {node:1814541373} raftSendSnapshot: snapshot_last_idx 225 term 3, node next_idx 200
2003:03 Aug 23:14:01.161 {node:1814541373} not connected, state=2
2003:03 Aug 23:14:01.362 {node:754071250} raftSendSnapshot: snapshot_last_idx 225 term 3, node next_idx 200
2003:03 Aug 23:14:01.362 {node:754071250} not connected, state=2
2003:03 Aug 23:14:01.362 {node:1814541373} raftSendSnapshot: snapshot_last_idx 225 term 3, node next_idx 200
2003:03 Aug 23:14:01.362 {node:1814541373} not connected, state=2
2003:03 Aug 23:14:01.562 {node:754071250} raftSendSnapshot: snapshot_last_idx 225 term 3, node next_idx 200
2003:03 Aug 23:14:01.562 {node:754071250} not connected, state=2
2003:03 Aug 23:14:01.562 {node:1814541373} raftSendSnapshot: snapshot_last_idx 225 term 3, node next_idx 200
2003:03 Aug 23:14:01.562 {node:1814541373} not connected, state=2
2003:03 Aug 23:14:01.762 {node:754071250} raftSendSnapshot: snapshot_last_idx 225 term 3, node next_idx 200
2003:03 Aug 23:14:01.762 {node:754071250} not connected, state=2
2003:03 Aug 23:14:01.762 {node:1814541373} raftSendSnapshot: snapshot_last_idx 225 term 3, node next_idx 200
2003:03 Aug 23:14:01.762 {node:1814541373} not connected, state=2
2003:03 Aug 23:14:01.962 {node:754071250} raftSendSnapshot: snapshot_last_idx 225 term 3, node next_idx 200
2003:03 Aug 23:14:01.962 {node:754071250} not connected, state=2
2003:03 Aug 23:14:01.962 {node:1814541373} raftSendSnapshot: snapshot_last_idx 225 term 3, node next_idx 200
2003:03 Aug 23:14:01.962 {node:1814541373} not connected, state=2
2003:03 Aug 23:14:02.163 {node:754071250} raftSendSnapshot: snapshot_last_idx 225 term 3, node next_idx 200
2003:03 Aug 23:14:02.163 {node:754071250} not connected, state=2
2003:03 Aug 23:14:02.163 {node:1814541373} raftSendSnapshot: snapshot_last_idx 225 term 3, node next_idx 200
2003:03 Aug 23:14:02.163 {node:1814541373} not connected, state=2
2003:03 Aug 23:14:02.364 {node:754071250} raftSendSnapshot: snapshot_last_idx 225 term 3, node next_idx 200
2003:03 Aug 23:14:02.364 {node:754071250} not connected, state=2
2003:03 Aug 23:14:02.364 {node:1814541373} raftSendSnapshot: snapshot_last_idx 225 term 3, node next_idx 200
2003:03 Aug 23:14:02.364 {node:1814541373} not connected, state=2
2003:03 Aug 23:14:02.565 {node:754071250} raftSendSnapshot: snapshot_last_idx 225 term 3, node next_idx 200
2003:03 Aug 23:14:02.565 {node:754071250} not connected, state=2
2003:03 Aug 23:14:02.565 {node:1814541373} raftSendSnapshot: snapshot_last_idx 225 term 3, node next_idx 200
2003:03 Aug 23:14:02.565 {node:1814541373} not connected, state=2
2003:03 Aug 23:14:02.765 {node:754071250} raftSendSnapshot: snapshot_last_idx 225 term 3, node next_idx 200
2003:03 Aug 23:14:02.765 {node:754071250} not connected, state=2
2003:03 Aug 23:14:02.765 {node:1814541373} raftSendSnapshot: snapshot_last_idx 225 term 3, node next_idx 200
2003:03 Aug 23:14:02.765 {node:1814541373} not connected, state=2
2003:03 Aug 23:14:02.966 {node:754071250} raftSendSnapshot: snapshot_last_idx 225 term 3, node next_idx 200
2003:03 Aug 23:14:02.966 {node:754071250} not connected, state=2
2003:03 Aug 23:14:02.966 {node:1814541373} raftSendSnapshot: snapshot_last_idx 225 term 3, node next_idx 200
2003:03 Aug 23:14:02.966 {node:1814541373} not connected, state=2
2003:03 Aug 23:14:03.166 {node:754071250} raftSendSnapshot: snapshot_last_idx 225 term 3, node next_idx 200
2003:03 Aug 23:14:03.166 {node:754071250} not connected, state=2
2003:03 Aug 23:14:03.166 {node:1814541373} raftSendSnapshot: snapshot_last_idx 225 term 3, node next_idx 200
2003:03 Aug 23:14:03.166 {node:1814541373} not connected, state=2
2003:03 Aug 23:14:03.367 {node:754071250} raftSendSnapshot: snapshot_last_idx 225 term 3, node next_idx 200
2003:03 Aug 23:14:03.367 {node:754071250} not connected, state=2
2003:03 Aug 23:14:03.367 {node:1814541373} raftSendSnapshot: snapshot_last_idx 225 term 3, node next_idx 200
2003:03 Aug 23:14:03.367 {node:1814541373} not connected, state=2
2003:03 Aug 23:14:03.568 {node:754071250} raftSendSnapshot: snapshot_last_idx 225 term 3, node next_idx 200
2003:03 Aug 23:14:03.568 {node:754071250} not connected, state=2
2003:03 Aug 23:14:03.568 {node:1814541373} raftSendSnapshot: snapshot_last_idx 225 term 3, node next_idx 200
2003:03 Aug 23:14:03.568 {node:1814541373} not connected, state=2
