2020-08-03 23:10:15 Jepsen starting redis-server --bind 0.0.0.0 --dbfilename redis.rdb --loadmodule /opt/redis/redisraft.so loglevel=debug raft-log-filename=raftlog.db raft-log-max-file-size=32000 raft-log-max-cache-size=1000000 
1172:C 03 Aug 2020 23:10:15.920 # oO0OoO0OoO0Oo Redis is starting oO0OoO0OoO0Oo
1172:C 03 Aug 2020 23:10:15.920 # Redis version=6.0.3, bits=64, commit=7803b114, modified=0, pid=1172, just started
1172:C 03 Aug 2020 23:10:15.920 # Configuration loaded
1172:M 03 Aug 2020 23:10:15.921 * Increased maximum number of open files to 10032 (it was originally set to 1024).
1172:M 03 Aug 2020 23:10:15.922 * Running mode=standalone, port=6379.
1172:M 03 Aug 2020 23:10:15.922 # WARNING: The TCP backlog setting of 511 cannot be enforced because /proc/sys/net/core/somaxconn is set to the lower value of 128.
1172:M 03 Aug 2020 23:10:15.922 # Server initialized
1172:M 03 Aug 2020 23:10:15.922 # WARNING you have Transparent Huge Pages (THP) support enabled in your kernel. This will create latency and memory usage issues with Redis. To fix this issue run the command 'echo never > /sys/kernel/mm/transparent_hugepage/enabled' as root, and add it to your /etc/rc.local in order to retain the setting after a reboot. Redis must be restarted after THP is disabled.
1172:M 03 Aug 2020 23:10:15.923 * <redisraft> RedisRaft starting, arguments: loglevel=debug raft-log-filename=raftlog.db raft-log-max-file-size=32000 raft-log-max-cache-size=1000000
1172:M 03 Aug 2020 23:10:15.923 * Module 'redisraft' loaded from /opt/redis/redisraft.so
1172:M 03 Aug 2020 23:10:15.924 * Ready to accept connections
1172:03 Aug 23:10:17.318 Joined Raft cluster, node id: 1105470984, dbid: fd0b4a72a768fd739516258b19a72ba2
1172:03 Aug 23:10:17.460 State change: Node is now a follower, term 1
1172:03 Aug 23:10:17.460 Cluster Membership: term:1 index:0 nodes: id=1105470984,voting=0,active=1,addr=-
1172:03 Aug 23:11:01.262 Raft log file size is 32044, initiating snapshot.
1172:03 Aug 23:11:01.262 Initiating snapshot.
1172:03 Aug 23:11:01.262 Snapshot scope: first_entry_idx=215, current_idx=216
1211:C 03 Aug 2020 23:11:01.296 * DB saved on disk
1211:C 03 Aug 2020 23:11:01.297 * Module fork: 0 MB of memory used by copy-on-write
1172:M 03 Aug 2020 23:11:01.321 * Module fork exited pid: 1211, retcode: 0, bysignal: 0
1172:03 Aug 23:11:01.362 Snapshot created successfuly.
1172:03 Aug 23:11:01.362 Snapshot operation completed successfuly.
1172:03 Aug 23:11:01.530 Log rewrite complete, 1 entries rewritten (from idx 215).
