2020-08-04 00:48:51 Jepsen starting redis-server --bind 0.0.0.0 --dbfilename redis.rdb --loadmodule /opt/redis/redisraft.so loglevel=debug raft-log-filename=raftlog.db raft-log-max-file-size=32000 raft-log-max-cache-size=1000000 
24493:C 04 Aug 2020 00:48:51.955 # oO0OoO0OoO0Oo Redis is starting oO0OoO0OoO0Oo
24493:C 04 Aug 2020 00:48:51.955 # Redis version=6.0.3, bits=64, commit=7803b114, modified=0, pid=24493, just started
24493:C 04 Aug 2020 00:48:51.955 # Configuration loaded
24493:M 04 Aug 2020 00:48:51.956 * Increased maximum number of open files to 10032 (it was originally set to 1024).
24493:M 04 Aug 2020 00:48:51.957 * Running mode=standalone, port=6379.
24493:M 04 Aug 2020 00:48:51.957 # WARNING: The TCP backlog setting of 511 cannot be enforced because /proc/sys/net/core/somaxconn is set to the lower value of 128.
24493:M 04 Aug 2020 00:48:51.957 # Server initialized
24493:M 04 Aug 2020 00:48:51.957 # WARNING you have Transparent Huge Pages (THP) support enabled in your kernel. This will create latency and memory usage issues with Redis. To fix this issue run the command 'echo never > /sys/kernel/mm/transparent_hugepage/enabled' as root, and add it to your /etc/rc.local in order to retain the setting after a reboot. Redis must be restarted after THP is disabled.
24493:M 04 Aug 2020 00:48:51.958 * <redisraft> RedisRaft starting, arguments: loglevel=debug raft-log-filename=raftlog.db raft-log-max-file-size=32000 raft-log-max-cache-size=1000000
24493:M 04 Aug 2020 00:48:51.958 * Module 'redisraft' loaded from /opt/redis/redisraft.so
24493:M 04 Aug 2020 00:48:51.959 * Ready to accept connections
24493:04 Aug 00:48:53.442 Joined Raft cluster, node id: 1961917783, dbid: 1e59fbda447a02c2f93a2b642c5b9e27
24493:04 Aug 00:48:53.668 State change: Node is now a follower, term 1
24493:04 Aug 00:48:53.668 Cluster Membership: term:1 index:0 nodes: id=1961917783,voting=0,active=1,addr=-
24493:04 Aug 00:49:09.389 *** NODE REMOVED, SHUTTING DOWN.
2020-08-04 00:49:38 Jepsen starting redis-server --bind 0.0.0.0 --dbfilename redis.rdb --loadmodule /opt/redis/redisraft.so loglevel=debug raft-log-filename=raftlog.db raft-log-max-file-size=32000 raft-log-max-cache-size=1000000 
24641:C 04 Aug 2020 00:49:38.419 # oO0OoO0OoO0Oo Redis is starting oO0OoO0OoO0Oo
24641:C 04 Aug 2020 00:49:38.419 # Redis version=6.0.3, bits=64, commit=7803b114, modified=0, pid=24641, just started
24641:C 04 Aug 2020 00:49:38.419 # Configuration loaded
24641:M 04 Aug 2020 00:49:38.420 * Increased maximum number of open files to 10032 (it was originally set to 1024).
24641:M 04 Aug 2020 00:49:38.421 * Running mode=standalone, port=6379.
24641:M 04 Aug 2020 00:49:38.421 # WARNING: The TCP backlog setting of 511 cannot be enforced because /proc/sys/net/core/somaxconn is set to the lower value of 128.
24641:M 04 Aug 2020 00:49:38.421 # Server initialized
24641:M 04 Aug 2020 00:49:38.421 # WARNING you have Transparent Huge Pages (THP) support enabled in your kernel. This will create latency and memory usage issues with Redis. To fix this issue run the command 'echo never > /sys/kernel/mm/transparent_hugepage/enabled' as root, and add it to your /etc/rc.local in order to retain the setting after a reboot. Redis must be restarted after THP is disabled.
24641:M 04 Aug 2020 00:49:38.422 * <redisraft> RedisRaft starting, arguments: loglevel=debug raft-log-filename=raftlog.db raft-log-max-file-size=32000 raft-log-max-cache-size=1000000
24641:M 04 Aug 2020 00:49:38.422 * Module 'redisraft' loaded from /opt/redis/redisraft.so
24641:M 04 Aug 2020 00:49:38.423 * Ready to accept connections
24641:04 Aug 00:49:39.559 Joined Raft cluster, node id: 1093069039, dbid: 1e59fbda447a02c2f93a2b642c5b9e27
24641:04 Aug 00:49:39.810 Saved received snapshot to file: redis.rdb, 1161 bytes
24641:M 04 Aug 2020 00:49:39.810 * Loading RDB produced by version 6.0.3
24641:M 04 Aug 2020 00:49:39.810 * RDB age 10 seconds
24641:M 04 Aug 2020 00:49:39.810 * RDB memory usage when created 0.85 Mb
24641:04 Aug 00:49:39.810 Begining snapshot load, term=1, last_included_index=205
24641:04 Aug 00:49:39.909 Snapshot Load: adding node 1891351310: yes: voting=(null)
24641:04 Aug 00:49:39.909 Snapshot Load: adding node 394165991: no: voting=(null)
