2020-08-04 00:50:03 Jepsen starting redis-server --bind 0.0.0.0 --dbfilename redis.rdb --loadmodule /opt/redis/redisraft.so loglevel=debug raft-log-filename=raftlog.db raft-log-max-file-size=32000 raft-log-max-cache-size=1000000 
24980:C 04 Aug 2020 00:50:03.655 # oO0OoO0OoO0Oo Redis is starting oO0OoO0OoO0Oo
24980:C 04 Aug 2020 00:50:03.655 # Redis version=6.0.3, bits=64, commit=7803b114, modified=0, pid=24980, just started
24980:C 04 Aug 2020 00:50:03.655 # Configuration loaded
24980:M 04 Aug 2020 00:50:03.656 * Increased maximum number of open files to 10032 (it was originally set to 1024).
24980:M 04 Aug 2020 00:50:03.657 * Running mode=standalone, port=6379.
24980:M 04 Aug 2020 00:50:03.657 # WARNING: The TCP backlog setting of 511 cannot be enforced because /proc/sys/net/core/somaxconn is set to the lower value of 128.
24980:M 04 Aug 2020 00:50:03.657 # Server initialized
24980:M 04 Aug 2020 00:50:03.657 # WARNING you have Transparent Huge Pages (THP) support enabled in your kernel. This will create latency and memory usage issues with Redis. To fix this issue run the command 'echo never > /sys/kernel/mm/transparent_hugepage/enabled' as root, and add it to your /etc/rc.local in order to retain the setting after a reboot. Redis must be restarted after THP is disabled.
24980:M 04 Aug 2020 00:50:03.657 * <redisraft> RedisRaft starting, arguments: loglevel=debug raft-log-filename=raftlog.db raft-log-max-file-size=32000 raft-log-max-cache-size=1000000
24980:M 04 Aug 2020 00:50:03.658 * Module 'redisraft' loaded from /opt/redis/redisraft.so
24980:M 04 Aug 2020 00:50:03.658 * Ready to accept connections
24980:04 Aug 00:50:05.671 Joined Raft cluster, node id: 1474175995, dbid: 8c333ac967f0db2fbeab36596e6232f4
24980:04 Aug 00:50:05.979 State change: Node is now a follower, term 1
24980:04 Aug 00:50:05.979 Cluster Membership: term:1 index:0 nodes: id=1474175995,voting=0,active=1,addr=-
24980:04 Aug 00:50:21.214 *** NODE REMOVED, SHUTTING DOWN.
2020-08-04 00:51:00 Jepsen starting redis-server --bind 0.0.0.0 --dbfilename redis.rdb --loadmodule /opt/redis/redisraft.so loglevel=debug raft-log-filename=raftlog.db raft-log-max-file-size=32000 raft-log-max-cache-size=1000000 
25137:C 04 Aug 2020 00:51:00.176 # oO0OoO0OoO0Oo Redis is starting oO0OoO0OoO0Oo
25137:C 04 Aug 2020 00:51:00.176 # Redis version=6.0.3, bits=64, commit=7803b114, modified=0, pid=25137, just started
25137:C 04 Aug 2020 00:51:00.176 # Configuration loaded
25137:M 04 Aug 2020 00:51:00.177 * Increased maximum number of open files to 10032 (it was originally set to 1024).
25137:M 04 Aug 2020 00:51:00.178 * Running mode=standalone, port=6379.
25137:M 04 Aug 2020 00:51:00.178 # WARNING: The TCP backlog setting of 511 cannot be enforced because /proc/sys/net/core/somaxconn is set to the lower value of 128.
25137:M 04 Aug 2020 00:51:00.178 # Server initialized
25137:M 04 Aug 2020 00:51:00.178 # WARNING you have Transparent Huge Pages (THP) support enabled in your kernel. This will create latency and memory usage issues with Redis. To fix this issue run the command 'echo never > /sys/kernel/mm/transparent_hugepage/enabled' as root, and add it to your /etc/rc.local in order to retain the setting after a reboot. Redis must be restarted after THP is disabled.
25137:M 04 Aug 2020 00:51:00.178 * <redisraft> RedisRaft starting, arguments: loglevel=debug raft-log-filename=raftlog.db raft-log-max-file-size=32000 raft-log-max-cache-size=1000000
25137:M 04 Aug 2020 00:51:00.179 * Module 'redisraft' loaded from /opt/redis/redisraft.so
25137:M 04 Aug 2020 00:51:00.180 * Ready to accept connections
