2020-08-03 23:14:10 Jepsen starting redis-server --bind 0.0.0.0 --dbfilename redis.rdb --loadmodule /opt/redis/redisraft.so loglevel=debug raft-log-filename=raftlog.db raft-log-max-file-size=32000 raft-log-max-cache-size=1000000 
2636:C 03 Aug 2020 23:14:10.748 # oO0OoO0OoO0Oo Redis is starting oO0OoO0OoO0Oo
2636:C 03 Aug 2020 23:14:10.748 # Redis version=6.0.3, bits=64, commit=7803b114, modified=0, pid=2636, just started
2636:C 03 Aug 2020 23:14:10.748 # Configuration loaded
2636:M 03 Aug 2020 23:14:10.749 * Increased maximum number of open files to 10032 (it was originally set to 1024).
2636:M 03 Aug 2020 23:14:10.750 * Running mode=standalone, port=6379.
2636:M 03 Aug 2020 23:14:10.750 # WARNING: The TCP backlog setting of 511 cannot be enforced because /proc/sys/net/core/somaxconn is set to the lower value of 128.
2636:M 03 Aug 2020 23:14:10.750 # Server initialized
2636:M 03 Aug 2020 23:14:10.750 # WARNING you have Transparent Huge Pages (THP) support enabled in your kernel. This will create latency and memory usage issues with Redis. To fix this issue run the command 'echo never > /sys/kernel/mm/transparent_hugepage/enabled' as root, and add it to your /etc/rc.local in order to retain the setting after a reboot. Redis must be restarted after THP is disabled.
2636:M 03 Aug 2020 23:14:10.751 * <redisraft> RedisRaft starting, arguments: loglevel=debug raft-log-filename=raftlog.db raft-log-max-file-size=32000 raft-log-max-cache-size=1000000
2636:M 03 Aug 2020 23:14:10.751 * Module 'redisraft' loaded from /opt/redis/redisraft.so
2636:M 03 Aug 2020 23:14:10.752 * Ready to accept connections
2636:03 Aug 23:14:12.199 Joined Raft cluster, node id: 827486255, dbid: dec1bcac977b39bd9d3a25a7a844a129
2636:03 Aug 23:14:12.340 State change: Node is now a follower, term 1
2636:03 Aug 23:14:12.340 Cluster Membership: term:1 index:0 nodes: id=827486255,voting=0,active=1,addr=-
2636:03 Aug 23:14:21.409 *** NODE REMOVED, SHUTTING DOWN.
2020-08-03 23:14:43 Jepsen starting redis-server --bind 0.0.0.0 --dbfilename redis.rdb --loadmodule /opt/redis/redisraft.so loglevel=debug raft-log-filename=raftlog.db raft-log-max-file-size=32000 raft-log-max-cache-size=1000000 
2768:C 03 Aug 2020 23:14:44.081 # oO0OoO0OoO0Oo Redis is starting oO0OoO0OoO0Oo
2768:C 03 Aug 2020 23:14:44.081 # Redis version=6.0.3, bits=64, commit=7803b114, modified=0, pid=2768, just started
2768:C 03 Aug 2020 23:14:44.081 # Configuration loaded
2768:M 03 Aug 2020 23:14:44.082 * Increased maximum number of open files to 10032 (it was originally set to 1024).
2768:M 03 Aug 2020 23:14:44.083 * Running mode=standalone, port=6379.
2768:M 03 Aug 2020 23:14:44.083 # WARNING: The TCP backlog setting of 511 cannot be enforced because /proc/sys/net/core/somaxconn is set to the lower value of 128.
2768:M 03 Aug 2020 23:14:44.083 # Server initialized
2768:M 03 Aug 2020 23:14:44.083 # WARNING you have Transparent Huge Pages (THP) support enabled in your kernel. This will create latency and memory usage issues with Redis. To fix this issue run the command 'echo never > /sys/kernel/mm/transparent_hugepage/enabled' as root, and add it to your /etc/rc.local in order to retain the setting after a reboot. Redis must be restarted after THP is disabled.
2768:M 03 Aug 2020 23:14:44.084 * <redisraft> RedisRaft starting, arguments: loglevel=debug raft-log-filename=raftlog.db raft-log-max-file-size=32000 raft-log-max-cache-size=1000000
2768:M 03 Aug 2020 23:14:44.084 * Module 'redisraft' loaded from /opt/redis/redisraft.so
2768:M 03 Aug 2020 23:14:44.085 * Ready to accept connections
2768:03 Aug 23:14:45.210 Joined Raft cluster, node id: 1259534285, dbid: dec1bcac977b39bd9d3a25a7a844a129
2768:03 Aug 23:14:45.360 State change: Node is now a follower, term 1
2768:03 Aug 23:14:45.360 Cluster Membership: term:1 index:0 nodes: id=1259534285,voting=0,active=1,addr=-
2768:03 Aug 23:14:52.636 Saved received snapshot to file: redis.rdb, 1252 bytes
2768:M 03 Aug 2020 23:14:52.637 * Loading RDB produced by version 6.0.3
2768:M 03 Aug 2020 23:14:52.637 * RDB age 4 seconds
2768:M 03 Aug 2020 23:14:52.637 * RDB memory usage when created 0.87 Mb
2768:03 Aug 23:14:52.637 Begining snapshot load, term=1, last_included_index=208
2768:03 Aug 23:14:52.670 Snapshot Load: adding node 1084410723: yes: voting=(null)
2768:03 Aug 23:14:52.712 Skipping queued RAFT.LOADSNAPSHOT with identical term 1 index 208
2768:03 Aug 23:14:52.712 Skipping queued RAFT.LOADSNAPSHOT with identical term 1 index 208
2768:03 Aug 23:14:52.854 Skipping queued RAFT.LOADSNAPSHOT with identical term 1 index 208
