2020-08-04 00:44:58 Jepsen starting redis-server --bind 0.0.0.0 --dbfilename redis.rdb --loadmodule /opt/redis/redisraft.so loglevel=debug raft-log-filename=raftlog.db raft-log-max-file-size=32000 raft-log-max-cache-size=1000000 
23166:C 04 Aug 2020 00:44:58.142 # oO0OoO0OoO0Oo Redis is starting oO0OoO0OoO0Oo
23166:C 04 Aug 2020 00:44:58.142 # Redis version=6.0.3, bits=64, commit=7803b114, modified=0, pid=23166, just started
23166:C 04 Aug 2020 00:44:58.142 # Configuration loaded
23166:M 04 Aug 2020 00:44:58.144 * Increased maximum number of open files to 10032 (it was originally set to 1024).
23166:M 04 Aug 2020 00:44:58.144 * Running mode=standalone, port=6379.
23166:M 04 Aug 2020 00:44:58.144 # WARNING: The TCP backlog setting of 511 cannot be enforced because /proc/sys/net/core/somaxconn is set to the lower value of 128.
23166:M 04 Aug 2020 00:44:58.144 # Server initialized
23166:M 04 Aug 2020 00:44:58.144 # WARNING you have Transparent Huge Pages (THP) support enabled in your kernel. This will create latency and memory usage issues with Redis. To fix this issue run the command 'echo never > /sys/kernel/mm/transparent_hugepage/enabled' as root, and add it to your /etc/rc.local in order to retain the setting after a reboot. Redis must be restarted after THP is disabled.
23166:M 04 Aug 2020 00:44:58.145 * <redisraft> RedisRaft starting, arguments: loglevel=debug raft-log-filename=raftlog.db raft-log-max-file-size=32000 raft-log-max-cache-size=1000000
23166:M 04 Aug 2020 00:44:58.145 * Module 'redisraft' loaded from /opt/redis/redisraft.so
23166:M 04 Aug 2020 00:44:58.146 * Ready to accept connections
23166:04 Aug 00:44:59.717 Joined Raft cluster, node id: 1084975687, dbid: 6ac0a22c3068f96844b422ef150d9393
23166:04 Aug 00:45:00.117 State change: Node is now a follower, term 1
23166:04 Aug 00:45:00.117 Cluster Membership: term:1 index:0 nodes: id=1084975687,voting=0,active=1,addr=-
23166:04 Aug 00:45:45.131 Raft log file size is 32062, initiating snapshot.
23166:04 Aug 00:45:45.131 Initiating snapshot.
23166:04 Aug 00:45:45.131 Snapshot scope: first_entry_idx=213, current_idx=214
23205:C 04 Aug 2020 00:45:45.217 * DB saved on disk
23205:C 04 Aug 2020 00:45:45.218 * Module fork: 0 MB of memory used by copy-on-write
23166:04 Aug 00:45:45.231 Snapshot created successfuly.
23166:04 Aug 00:45:45.231 Snapshot operation completed successfuly.
23166:M 04 Aug 2020 00:45:45.239 * Module fork exited pid: 23205, retcode: 0, bysignal: 0
23166:04 Aug 00:45:45.417 Log rewrite complete, 1 entries rewritten (from idx 213).
